ARM GAS  C:\Users\casey\AppData\Local\Temp\ccObT9am.s 			page 1


   1              		.syntax unified
   2              		.cpu cortex-m0
   3              		.fpu softvfp
   4              		.eabi_attribute 20, 1
   5              		.eabi_attribute 21, 1
   6              		.eabi_attribute 23, 3
   7              		.eabi_attribute 24, 1
   8              		.eabi_attribute 25, 1
   9              		.eabi_attribute 26, 1
  10              		.eabi_attribute 30, 1
  11              		.eabi_attribute 34, 0
  12              		.eabi_attribute 18, 4
  13              		.thumb
  14              		.syntax unified
  15              		.file	"CAN_stuff.c"
  16              		.text
  17              	.Ltext0:
  18              		.cfi_sections	.debug_frame
  19              		.section	.text.SendCANPacket,"ax",%progbits
  20              		.align	2
  21              		.global	SendCANPacket
  22              		.code	16
  23              		.thumb_func
  24              		.type	SendCANPacket, %function
  25              	SendCANPacket:
  26              	.LFB34:
  27              		.file 1 "CAN_stuff.c"
   1:CAN_stuff.c   **** /* ========================================
   2:CAN_stuff.c   ****  *
   3:CAN_stuff.c   ****  * Copyright YOUR COMPANY, THE YEAR
   4:CAN_stuff.c   ****  * All Rights Reserved
   5:CAN_stuff.c   ****  * UNPUBLISHED, LICENSED SOFTWARE.
   6:CAN_stuff.c   ****  *
   7:CAN_stuff.c   ****  * CONFIDENTIAL AND PROPRIETARY INFORMATION
   8:CAN_stuff.c   ****  * WHICH IS THE PROPERTY OF your company.
   9:CAN_stuff.c   ****  *
  10:CAN_stuff.c   ****  * ========================================
  11:CAN_stuff.c   **** */
  12:CAN_stuff.c   **** 
  13:CAN_stuff.c   **** #include "CAN_Stuff.h"
  14:CAN_stuff.c   **** 
  15:CAN_stuff.c   **** typedef struct
  16:CAN_stuff.c   **** {
  17:CAN_stuff.c   ****     uint16_t id;
  18:CAN_stuff.c   ****     uint8_t dlc;
  19:CAN_stuff.c   ****     uint8_t data[8];
  20:CAN_stuff.c   **** } CANPacket;
  21:CAN_stuff.c   **** 
  22:CAN_stuff.c   **** volatile uint8_t messagePresentFlag = 0xFF;
  23:CAN_stuff.c   **** volatile uint8_t messageReadFlag = 0x0;
  24:CAN_stuff.c   **** uint8_t FIFOSize(void);
  25:CAN_stuff.c   **** void countAddFIFO(void);
  26:CAN_stuff.c   **** void countRemoveFIFO(void);
  27:CAN_stuff.c   **** 
  28:CAN_stuff.c   **** #define FIFO_SIZE   16
  29:CAN_stuff.c   **** volatile CANPacket latestMessage[FIFO_SIZE];//internal to this port acts like a FIFO with 10 packet
  30:CAN_stuff.c   **** volatile uint8_t latestMessageHead = 0; //which index to read
ARM GAS  C:\Users\casey\AppData\Local\Temp\ccObT9am.s 			page 2


  31:CAN_stuff.c   **** volatile uint8_t latestMessageTail = 0; //which index to write to next
  32:CAN_stuff.c   **** volatile uint8_t latestMessageFull = 0; //FIFO is full
  33:CAN_stuff.c   **** 
  34:CAN_stuff.c   **** CY_ISR_PROTO(CAN_FLAG_ISR);
  35:CAN_stuff.c   **** 
  36:CAN_stuff.c   **** int deviceAddress;
  37:CAN_stuff.c   **** int deviceGroup;
  38:CAN_stuff.c   **** CAN_RX_CFG rxMailbox;
  39:CAN_stuff.c   **** 
  40:CAN_stuff.c   **** int mailbox = 0;
  41:CAN_stuff.c   **** 
  42:CAN_stuff.c   **** volatile CANPacket packet;
  43:CAN_stuff.c   **** 
  44:CAN_stuff.c   **** CY_ISR_PROTO(ISR_CAN);
  45:CAN_stuff.c   **** 
  46:CAN_stuff.c   **** CAN_TX_MSG messagePWM;
  47:CAN_stuff.c   **** volatile uint8 receiveMailboxNumber = 0xFFu;
  48:CAN_stuff.c   **** 
  49:CAN_stuff.c   **** volatile uint16 CAN_time_LED = 0;
  50:CAN_stuff.c   **** 
  51:CAN_stuff.c   **** int SendCANPacket(CANPacket *packetToSend)
  52:CAN_stuff.c   **** {
  28              		.loc 1 52 0
  29              		.cfi_startproc
  30              		@ args = 0, pretend = 0, frame = 24
  31              		@ frame_needed = 0, uses_anonymous_args = 0
  32              	.LVL0:
  33 0000 10B5     		push	{r4, lr}
  34              		.cfi_def_cfa_offset 8
  35              		.cfi_offset 4, -8
  36              		.cfi_offset 14, -4
  37 0002 86B0     		sub	sp, sp, #24
  38              		.cfi_def_cfa_offset 32
  53:CAN_stuff.c   ****     if(!packetToSend) {return ERROR_NULL_POINTER;}
  39              		.loc 1 53 0
  40 0004 0028     		cmp	r0, #0
  41 0006 15D0     		beq	.L3
  54:CAN_stuff.c   ****     CAN_TX_MSG PSoCMessage;//CAN structure
  55:CAN_stuff.c   ****     CAN_DATA_BYTES_MSG PSoCData;//CAN data
  56:CAN_stuff.c   ****     PSoCMessage.id = packetToSend->id;
  42              		.loc 1 56 0
  43 0008 0388     		ldrh	r3, [r0]
  44 000a 02AC     		add	r4, sp, #8
  45 000c 0293     		str	r3, [sp, #8]
  57:CAN_stuff.c   ****     PSoCMessage.rtr = 0x0;
  46              		.loc 1 57 0
  47 000e 0023     		movs	r3, #0
  48 0010 2371     		strb	r3, [r4, #4]
  58:CAN_stuff.c   ****     PSoCMessage.ide = 0x0;//Not extended
  49              		.loc 1 58 0
  50 0012 6371     		strb	r3, [r4, #5]
  59:CAN_stuff.c   ****     PSoCMessage.dlc = packetToSend->dlc;
  51              		.loc 1 59 0
  52 0014 8278     		ldrb	r2, [r0, #2]
  53 0016 A271     		strb	r2, [r4, #6]
  60:CAN_stuff.c   ****     PSoCMessage.irq = 0x0;
  54              		.loc 1 60 0
ARM GAS  C:\Users\casey\AppData\Local\Temp\ccObT9am.s 			page 3


  55 0018 E371     		strb	r3, [r4, #7]
  61:CAN_stuff.c   ****     PSoCMessage.msg = &PSoCData;
  56              		.loc 1 61 0
  57 001a 6B46     		mov	r3, sp
  58 001c 0593     		str	r3, [sp, #20]
  62:CAN_stuff.c   ****     
  63:CAN_stuff.c   ****     memcpy(PSoCData.byte, packetToSend->data, 8);
  59              		.loc 1 63 0
  60 001e C11C     		adds	r1, r0, #3
  61 0020 0822     		movs	r2, #8
  62 0022 6846     		mov	r0, sp
  63              	.LVL1:
  64 0024 FFF7FEFF 		bl	memcpy
  65              	.LVL2:
  64:CAN_stuff.c   **** 
  65:CAN_stuff.c   ****     if(CAN_SendMsg(&PSoCMessage) == CYRET_SUCCESS) {
  66              		.loc 1 65 0
  67 0028 2000     		movs	r0, r4
  68 002a FFF7FEFF 		bl	CAN_SendMsg
  69              	.LVL3:
  70 002e 0028     		cmp	r0, #0
  71 0030 02D1     		bne	.L4
  72 0032 02E0     		b	.L2
  73              	.LVL4:
  74              	.L3:
  53:CAN_stuff.c   ****     CAN_TX_MSG PSoCMessage;//CAN structure
  75              		.loc 1 53 0
  76 0034 0220     		movs	r0, #2
  77              	.LVL5:
  78 0036 00E0     		b	.L2
  79              	.L4:
  66:CAN_stuff.c   ****         return ERROR_NONE;
  67:CAN_stuff.c   ****     } else
  68:CAN_stuff.c   ****     {
  69:CAN_stuff.c   ****         return ERROR_GENERIC_ERROR;
  80              		.loc 1 69 0
  81 0038 0120     		movs	r0, #1
  82              	.L2:
  70:CAN_stuff.c   ****     }
  71:CAN_stuff.c   **** }
  83              		.loc 1 71 0
  84 003a 06B0     		add	sp, sp, #24
  85              		@ sp needed
  86 003c 10BD     		pop	{r4, pc}
  87              		.cfi_endproc
  88              	.LFE34:
  89              		.size	SendCANPacket, .-SendCANPacket
  90 003e C046     		.section	.text.InitCAN,"ax",%progbits
  91              		.align	2
  92              		.global	InitCAN
  93              		.code	16
  94              		.thumb_func
  95              		.type	InitCAN, %function
  96              	InitCAN:
  97              	.LFB35:
  72:CAN_stuff.c   **** 
  73:CAN_stuff.c   **** void InitCAN() {
ARM GAS  C:\Users\casey\AppData\Local\Temp\ccObT9am.s 			page 4


  98              		.loc 1 73 0
  99              		.cfi_startproc
 100              		@ args = 0, pretend = 0, frame = 0
 101              		@ frame_needed = 0, uses_anonymous_args = 0
 102 0000 70B5     		push	{r4, r5, r6, lr}
 103              		.cfi_def_cfa_offset 16
 104              		.cfi_offset 4, -16
 105              		.cfi_offset 5, -12
 106              		.cfi_offset 6, -8
 107              		.cfi_offset 14, -4
  74:CAN_stuff.c   ****     
  75:CAN_stuff.c   ****     CAN_Start();//must name CAN Top Design block as "CAN"
 108              		.loc 1 75 0
 109 0002 FFF7FEFF 		bl	CAN_Start
 110              	.LVL6:
  76:CAN_stuff.c   ****     
  77:CAN_stuff.c   ****     //TODO: I'm sure there's a better way of doing this part
  78:CAN_stuff.c   ****     // deviceGroup = deviceGroupInput & 0xF; // 4bits of ID
  79:CAN_stuff.c   ****     // deviceAddress = deviceAddressInput & (0x3f);//6bits of ID
  80:CAN_stuff.c   ****     
  81:CAN_stuff.c   ****     //sets up inidvidual recieve mailbox (3rd priority mailbox)
  82:CAN_stuff.c   ****     rxMailbox.rxmailbox = 0;
 111              		.loc 1 82 0
 112 0006 114C     		ldr	r4, .L6
 113 0008 0026     		movs	r6, #0
 114 000a 2670     		strb	r6, [r4]
  83:CAN_stuff.c   ****     // rxMailbox.rxacr = ((deviceGroup << 6)|(deviceAddress)) << 21;  // first 11 bits are the CAN 
  84:CAN_stuff.c   ****     rxMailbox.rxamr = 0x801FFFFF; // what bits to ignore
 115              		.loc 1 84 0
 116 000c 104D     		ldr	r5, .L6+4
 117 000e A560     		str	r5, [r4, #8]
  85:CAN_stuff.c   ****     rxMailbox.rxcmd = CAN_RX_CMD_REG(CAN_RX_MAILBOX_0);//need to know what this is
 118              		.loc 1 85 0
 119 0010 104B     		ldr	r3, .L6+8
 120 0012 1B68     		ldr	r3, [r3]
 121 0014 6360     		str	r3, [r4, #4]
  86:CAN_stuff.c   ****     CAN_RxBufConfig(&rxMailbox);
 122              		.loc 1 86 0
 123 0016 2000     		movs	r0, r4
 124 0018 FFF7FEFF 		bl	CAN_RxBufConfig
 125              	.LVL7:
  87:CAN_stuff.c   ****     
  88:CAN_stuff.c   ****     //setup broadcast recieve mailbox (1st priority mailbox)
  89:CAN_stuff.c   ****     rxMailbox.rxmailbox = 1;
 126              		.loc 1 89 0
 127 001c 0123     		movs	r3, #1
 128 001e 2370     		strb	r3, [r4]
  90:CAN_stuff.c   ****     rxMailbox.rxacr = ((0x0 << 6)|(0x0)) << 21; //0x20F<<21; // first 11 bits are the CAN ID that i
 129              		.loc 1 90 0
 130 0020 E660     		str	r6, [r4, #12]
  91:CAN_stuff.c   ****     rxMailbox.rxamr = 0x801FFFFF; // what bits to ignore
 131              		.loc 1 91 0
 132 0022 A560     		str	r5, [r4, #8]
  92:CAN_stuff.c   ****     rxMailbox.rxcmd = CAN_RX_CMD_REG(CAN_RX_MAILBOX_1);//need to know what this is
 133              		.loc 1 92 0
 134 0024 0C4B     		ldr	r3, .L6+12
 135 0026 1B68     		ldr	r3, [r3]
ARM GAS  C:\Users\casey\AppData\Local\Temp\ccObT9am.s 			page 5


 136 0028 6360     		str	r3, [r4, #4]
  93:CAN_stuff.c   ****     CAN_RxBufConfig(&rxMailbox);
 137              		.loc 1 93 0
 138 002a 2000     		movs	r0, r4
 139 002c FFF7FEFF 		bl	CAN_RxBufConfig
 140              	.LVL8:
  94:CAN_stuff.c   ****     
  95:CAN_stuff.c   ****     //setup group broadcast recieve mailbox (2nd priority mailbox)
  96:CAN_stuff.c   ****     rxMailbox.rxmailbox = 2;
 141              		.loc 1 96 0
 142 0030 0223     		movs	r3, #2
 143 0032 2370     		strb	r3, [r4]
  97:CAN_stuff.c   ****     // rxMailbox.rxacr = ((deviceGroup << 6)|(0x3F)) << 21; //0x20F<<21; // first 11 bits are the C
  98:CAN_stuff.c   ****     rxMailbox.rxamr = 0x801FFFFF; // what bits to ignore
 144              		.loc 1 98 0
 145 0034 A560     		str	r5, [r4, #8]
  99:CAN_stuff.c   ****     rxMailbox.rxcmd = CAN_RX_CMD_REG(CAN_RX_MAILBOX_2);//need to know what this is
 146              		.loc 1 99 0
 147 0036 094B     		ldr	r3, .L6+16
 148 0038 1B68     		ldr	r3, [r3]
 149 003a 6360     		str	r3, [r4, #4]
 100:CAN_stuff.c   ****     //CAN_RxBufConfig(&rxMailbox);
 101:CAN_stuff.c   ****     
 102:CAN_stuff.c   ****     CAN_GlobalIntEnable();
 150              		.loc 1 102 0
 151 003c FFF7FEFF 		bl	CAN_GlobalIntEnable
 152              	.LVL9:
 103:CAN_stuff.c   ****     CyIntSetVector(CAN_ISR_NUMBER, CAN_FLAG_ISR);
 153              		.loc 1 103 0
 154 0040 0749     		ldr	r1, .L6+20
 155 0042 1C20     		movs	r0, #28
 156 0044 FFF7FEFF 		bl	CyIntSetVector
 157              	.LVL10:
 104:CAN_stuff.c   **** }
 158              		.loc 1 104 0
 159              		@ sp needed
 160 0048 70BD     		pop	{r4, r5, r6, pc}
 161              	.L7:
 162 004a C046     		.align	2
 163              	.L6:
 164 004c 00000000 		.word	rxMailbox
 165 0050 FFFF1F80 		.word	-2145386497
 166 0054 A0002E40 		.word	1076756640
 167 0058 C0002E40 		.word	1076756672
 168 005c E0002E40 		.word	1076756704
 169 0060 00000000 		.word	CAN_FLAG_ISR
 170              		.cfi_endproc
 171              	.LFE35:
 172              		.size	InitCAN, .-InitCAN
 173              		.section	.text.FIFOSize,"ax",%progbits
 174              		.align	2
 175              		.global	FIFOSize
 176              		.code	16
 177              		.thumb_func
 178              		.type	FIFOSize, %function
 179              	FIFOSize:
 180              	.LFB38:
ARM GAS  C:\Users\casey\AppData\Local\Temp\ccObT9am.s 			page 6


 105:CAN_stuff.c   **** 
 106:CAN_stuff.c   **** CY_ISR(CAN_FLAG_ISR)
 107:CAN_stuff.c   **** {
 108:CAN_stuff.c   ****     CAN_time_LED = 1000;
 109:CAN_stuff.c   ****     //*(reg32*)0x402F0000 = CAN_RX_MESSAGE_MASK & CAN_SST_FAILURE_MASK & CAN_CRC_ERROR_MASK; //Clea
 110:CAN_stuff.c   ****     CAN_INT_SR_REG = CAN_RX_MESSAGE_MASK;
 111:CAN_stuff.c   ****     uint32_t statusReg = (uint32_t) CAN_BUF_SR_REG; //Hardcoded for speed, translation from reg
 112:CAN_stuff.c   ****     uint8_t mailbox;
 113:CAN_stuff.c   ****     
 114:CAN_stuff.c   ****     if(statusReg & 0b1) { // mailbox0 is full (individual)
 115:CAN_stuff.c   ****         mailbox = CAN_RX_MAILBOX_0;
 116:CAN_stuff.c   ****     }
 117:CAN_stuff.c   ****     else if(statusReg & 0b10) { // mailbox1 is full (broadcast)
 118:CAN_stuff.c   ****         mailbox = CAN_RX_MAILBOX_1;
 119:CAN_stuff.c   ****     }    
 120:CAN_stuff.c   ****     else if(statusReg & 0b100) { // mailbox2 is full (group broadcast)
 121:CAN_stuff.c   ****         mailbox = CAN_RX_MAILBOX_2;
 122:CAN_stuff.c   ****     } 
 123:CAN_stuff.c   ****     else if(statusReg & 0b1000) { // mailbox3 is full currently recieves anything enable in top des
 124:CAN_stuff.c   ****         mailbox = CAN_RX_MAILBOX_3;
 125:CAN_stuff.c   ****     }
 126:CAN_stuff.c   ****     
 127:CAN_stuff.c   ****     latestMessage[latestMessageTail].id = CAN_GET_RX_ID(mailbox);
 128:CAN_stuff.c   ****     latestMessage[latestMessageTail].dlc = CAN_GET_DLC(mailbox);
 129:CAN_stuff.c   ****     latestMessage[latestMessageTail].data[0] = CAN_RX_DATA_BYTE1(mailbox);
 130:CAN_stuff.c   ****     latestMessage[latestMessageTail].data[1] = CAN_RX_DATA_BYTE2(mailbox);
 131:CAN_stuff.c   ****     latestMessage[latestMessageTail].data[2] = CAN_RX_DATA_BYTE3(mailbox);
 132:CAN_stuff.c   ****     latestMessage[latestMessageTail].data[3] = CAN_RX_DATA_BYTE4(mailbox);
 133:CAN_stuff.c   ****     latestMessage[latestMessageTail].data[4] = CAN_RX_DATA_BYTE5(mailbox);
 134:CAN_stuff.c   ****     latestMessage[latestMessageTail].data[5] = CAN_RX_DATA_BYTE6(mailbox);
 135:CAN_stuff.c   ****     latestMessage[latestMessageTail].data[6] = CAN_RX_DATA_BYTE7(mailbox);
 136:CAN_stuff.c   ****     latestMessage[latestMessageTail].data[7] = CAN_RX_DATA_BYTE8(mailbox);
 137:CAN_stuff.c   ****     countAddFIFO();
 138:CAN_stuff.c   **** 
 139:CAN_stuff.c   ****     //CAN_ReceiveMsg(messagePresentFlag);
 140:CAN_stuff.c   ****     CAN_RX_ACK_MESSAGE(mailbox);
 141:CAN_stuff.c   **** }
 142:CAN_stuff.c   **** 
 143:CAN_stuff.c   **** int PollAndReceiveCANPacket(CANPacket *receivedPacket)
 144:CAN_stuff.c   **** {
 145:CAN_stuff.c   ****     if(!receivedPacket)
 146:CAN_stuff.c   ****         return ERROR_NULL_POINTER;
 147:CAN_stuff.c   ****     
 148:CAN_stuff.c   ****     volatile uint8_t size = FIFOSize();
 149:CAN_stuff.c   ****     if(size)
 150:CAN_stuff.c   ****     {
 151:CAN_stuff.c   ****         *(receivedPacket) = latestMessage[latestMessageHead];
 152:CAN_stuff.c   ****         countRemoveFIFO();
 153:CAN_stuff.c   ****         return ERROR_NONE;
 154:CAN_stuff.c   ****     }
 155:CAN_stuff.c   ****     
 156:CAN_stuff.c   ****     return 0x02; //No message received error
 157:CAN_stuff.c   **** }
 158:CAN_stuff.c   **** 
 159:CAN_stuff.c   **** 
 160:CAN_stuff.c   **** //helper function calculate size of Fifo
 161:CAN_stuff.c   **** uint8_t FIFOSize(){
ARM GAS  C:\Users\casey\AppData\Local\Temp\ccObT9am.s 			page 7


 181              		.loc 1 161 0
 182              		.cfi_startproc
 183              		@ args = 0, pretend = 0, frame = 0
 184              		@ frame_needed = 0, uses_anonymous_args = 0
 185              		@ link register save eliminated.
 162:CAN_stuff.c   ****     if(latestMessageFull) {
 186              		.loc 1 162 0
 187 0000 104B     		ldr	r3, .L12
 188 0002 1878     		ldrb	r0, [r3]
 189 0004 C0B2     		uxtb	r0, r0
 190 0006 0028     		cmp	r0, #0
 191 0008 19D1     		bne	.L11
 163:CAN_stuff.c   ****         return FIFO_SIZE;
 164:CAN_stuff.c   ****     }
 165:CAN_stuff.c   ****     else if(latestMessageHead < latestMessageTail) {
 192              		.loc 1 165 0
 193 000a 5A78     		ldrb	r2, [r3, #1]
 194 000c D2B2     		uxtb	r2, r2
 195 000e 9B78     		ldrb	r3, [r3, #2]
 196 0010 DBB2     		uxtb	r3, r3
 197 0012 9A42     		cmp	r2, r3
 198 0014 05D2     		bcs	.L10
 166:CAN_stuff.c   ****         return latestMessageTail - latestMessageHead;
 199              		.loc 1 166 0
 200 0016 0B4A     		ldr	r2, .L12
 201 0018 9378     		ldrb	r3, [r2, #2]
 202 001a 5078     		ldrb	r0, [r2, #1]
 203 001c 181A     		subs	r0, r3, r0
 204 001e C0B2     		uxtb	r0, r0
 205 0020 0EE0     		b	.L9
 206              	.L10:
 167:CAN_stuff.c   ****     }
 168:CAN_stuff.c   ****     else if(latestMessageHead > latestMessageTail) {
 207              		.loc 1 168 0
 208 0022 084B     		ldr	r3, .L12
 209 0024 5A78     		ldrb	r2, [r3, #1]
 210 0026 D2B2     		uxtb	r2, r2
 211 0028 9B78     		ldrb	r3, [r3, #2]
 212 002a DBB2     		uxtb	r3, r3
 213 002c 9A42     		cmp	r2, r3
 214 002e 07D9     		bls	.L9
 169:CAN_stuff.c   ****         return (FIFO_SIZE - latestMessageHead) + latestMessageTail;
 215              		.loc 1 169 0
 216 0030 044A     		ldr	r2, .L12
 217 0032 9378     		ldrb	r3, [r2, #2]
 218 0034 5078     		ldrb	r0, [r2, #1]
 219 0036 181A     		subs	r0, r3, r0
 220 0038 1030     		adds	r0, r0, #16
 221 003a C0B2     		uxtb	r0, r0
 222 003c 00E0     		b	.L9
 223              	.L11:
 163:CAN_stuff.c   ****     }
 224              		.loc 1 163 0
 225 003e 1020     		movs	r0, #16
 226              	.L9:
 170:CAN_stuff.c   ****     }
 171:CAN_stuff.c   ****     else { // latestMessageHead == latestMessageTail && !latestMessageFull
ARM GAS  C:\Users\casey\AppData\Local\Temp\ccObT9am.s 			page 8


 172:CAN_stuff.c   ****         return 0;
 173:CAN_stuff.c   ****     }
 174:CAN_stuff.c   **** }
 227              		.loc 1 174 0
 228              		@ sp needed
 229 0040 7047     		bx	lr
 230              	.L13:
 231 0042 C046     		.align	2
 232              	.L12:
 233 0044 00000000 		.word	.LANCHOR0
 234              		.cfi_endproc
 235              	.LFE38:
 236              		.size	FIFOSize, .-FIFOSize
 237              		.section	.text.countAddFIFO,"ax",%progbits
 238              		.align	2
 239              		.global	countAddFIFO
 240              		.code	16
 241              		.thumb_func
 242              		.type	countAddFIFO, %function
 243              	countAddFIFO:
 244              	.LFB39:
 175:CAN_stuff.c   **** 
 176:CAN_stuff.c   **** void countAddFIFO(){ 
 245              		.loc 1 176 0
 246              		.cfi_startproc
 247              		@ args = 0, pretend = 0, frame = 0
 248              		@ frame_needed = 0, uses_anonymous_args = 0
 249              		@ link register save eliminated.
 177:CAN_stuff.c   ****     latestMessageTail++;
 250              		.loc 1 177 0
 251 0000 124A     		ldr	r2, .L17
 252 0002 9378     		ldrb	r3, [r2, #2]
 253 0004 0133     		adds	r3, r3, #1
 254 0006 DBB2     		uxtb	r3, r3
 255 0008 9370     		strb	r3, [r2, #2]
 178:CAN_stuff.c   ****     if(latestMessageTail >= FIFO_SIZE){
 256              		.loc 1 178 0
 257 000a 9378     		ldrb	r3, [r2, #2]
 258 000c DBB2     		uxtb	r3, r3
 259 000e 0F2B     		cmp	r3, #15
 260 0010 02D9     		bls	.L15
 179:CAN_stuff.c   ****         latestMessageTail = 0;
 261              		.loc 1 179 0
 262 0012 0022     		movs	r2, #0
 263 0014 0D4B     		ldr	r3, .L17
 264 0016 9A70     		strb	r2, [r3, #2]
 265              	.L15:
 180:CAN_stuff.c   ****     }
 181:CAN_stuff.c   ****     if(latestMessageFull) {
 266              		.loc 1 181 0
 267 0018 0C4B     		ldr	r3, .L17
 268 001a 1B78     		ldrb	r3, [r3]
 269 001c 002B     		cmp	r3, #0
 270 001e 0BD0     		beq	.L16
 182:CAN_stuff.c   ****         latestMessageHead++;
 271              		.loc 1 182 0
 272 0020 0A4A     		ldr	r2, .L17
ARM GAS  C:\Users\casey\AppData\Local\Temp\ccObT9am.s 			page 9


 273 0022 5378     		ldrb	r3, [r2, #1]
 274 0024 0133     		adds	r3, r3, #1
 275 0026 DBB2     		uxtb	r3, r3
 276 0028 5370     		strb	r3, [r2, #1]
 183:CAN_stuff.c   ****         if(latestMessageHead >= FIFO_SIZE) {
 277              		.loc 1 183 0
 278 002a 5378     		ldrb	r3, [r2, #1]
 279 002c DBB2     		uxtb	r3, r3
 280 002e 0F2B     		cmp	r3, #15
 281 0030 02D9     		bls	.L16
 184:CAN_stuff.c   ****             latestMessageHead = 0;
 282              		.loc 1 184 0
 283 0032 0022     		movs	r2, #0
 284 0034 054B     		ldr	r3, .L17
 285 0036 5A70     		strb	r2, [r3, #1]
 286              	.L16:
 185:CAN_stuff.c   ****         }
 186:CAN_stuff.c   ****     }
 187:CAN_stuff.c   ****     latestMessageFull = (latestMessageHead == latestMessageTail);
 287              		.loc 1 187 0
 288 0038 044A     		ldr	r2, .L17
 289 003a 5378     		ldrb	r3, [r2, #1]
 290 003c 9178     		ldrb	r1, [r2, #2]
 291 003e 5B1A     		subs	r3, r3, r1
 292 0040 5942     		rsbs	r1, r3, #0
 293 0042 4B41     		adcs	r3, r3, r1
 294 0044 DBB2     		uxtb	r3, r3
 295 0046 1370     		strb	r3, [r2]
 188:CAN_stuff.c   **** }
 296              		.loc 1 188 0
 297              		@ sp needed
 298 0048 7047     		bx	lr
 299              	.L18:
 300 004a C046     		.align	2
 301              	.L17:
 302 004c 00000000 		.word	.LANCHOR0
 303              		.cfi_endproc
 304              	.LFE39:
 305              		.size	countAddFIFO, .-countAddFIFO
 306              		.section	.text.CAN_FLAG_ISR,"ax",%progbits
 307              		.align	2
 308              		.global	CAN_FLAG_ISR
 309              		.code	16
 310              		.thumb_func
 311              		.type	CAN_FLAG_ISR, %function
 312              	CAN_FLAG_ISR:
 313              	.LFB36:
 107:CAN_stuff.c   ****     CAN_time_LED = 1000;
 314              		.loc 1 107 0
 315              		.cfi_startproc
 316              		@ args = 0, pretend = 0, frame = 0
 317              		@ frame_needed = 0, uses_anonymous_args = 0
 318 0000 70B5     		push	{r4, r5, r6, lr}
 319              		.cfi_def_cfa_offset 16
 320              		.cfi_offset 4, -16
 321              		.cfi_offset 5, -12
 322              		.cfi_offset 6, -8
ARM GAS  C:\Users\casey\AppData\Local\Temp\ccObT9am.s 			page 10


 323              		.cfi_offset 14, -4
 108:CAN_stuff.c   ****     //*(reg32*)0x402F0000 = CAN_RX_MESSAGE_MASK & CAN_SST_FAILURE_MASK & CAN_CRC_ERROR_MASK; //Clea
 324              		.loc 1 108 0
 325 0002 FA22     		movs	r2, #250
 326 0004 9200     		lsls	r2, r2, #2
 327 0006 464B     		ldr	r3, .L27
 328 0008 9A80     		strh	r2, [r3, #4]
 110:CAN_stuff.c   ****     uint32_t statusReg = (uint32_t) CAN_BUF_SR_REG; //Hardcoded for speed, translation from reg
 329              		.loc 1 110 0
 330 000a 8022     		movs	r2, #128
 331 000c 5201     		lsls	r2, r2, #5
 332 000e 454B     		ldr	r3, .L27+4
 333 0010 1A60     		str	r2, [r3]
 111:CAN_stuff.c   ****     uint8_t mailbox;
 334              		.loc 1 111 0
 335 0012 454B     		ldr	r3, .L27+8
 336 0014 1B68     		ldr	r3, [r3]
 337              	.LVL11:
 114:CAN_stuff.c   ****         mailbox = CAN_RX_MAILBOX_0;
 338              		.loc 1 114 0
 339 0016 DA07     		lsls	r2, r3, #31
 340 0018 06D4     		bmi	.L23
 117:CAN_stuff.c   ****         mailbox = CAN_RX_MAILBOX_1;
 341              		.loc 1 117 0
 342 001a 9A07     		lsls	r2, r3, #30
 343 001c 06D4     		bmi	.L24
 120:CAN_stuff.c   ****         mailbox = CAN_RX_MAILBOX_2;
 344              		.loc 1 120 0
 345 001e 5A07     		lsls	r2, r3, #29
 346 0020 06D4     		bmi	.L25
 123:CAN_stuff.c   ****         mailbox = CAN_RX_MAILBOX_3;
 347              		.loc 1 123 0
 348 0022 1B07     		lsls	r3, r3, #28
 349 0024 06D4     		bmi	.L26
 350              	.LVL12:
 351 0026 06E0     		b	.L20
 352              	.LVL13:
 353              	.L23:
 115:CAN_stuff.c   ****     }
 354              		.loc 1 115 0
 355 0028 0024     		movs	r4, #0
 356 002a 04E0     		b	.L20
 357              	.L24:
 118:CAN_stuff.c   ****     }    
 358              		.loc 1 118 0
 359 002c 0124     		movs	r4, #1
 360 002e 02E0     		b	.L20
 361              	.L25:
 121:CAN_stuff.c   ****     } 
 362              		.loc 1 121 0
 363 0030 0224     		movs	r4, #2
 364 0032 00E0     		b	.L20
 365              	.LVL14:
 366              	.L26:
 124:CAN_stuff.c   ****     }
 367              		.loc 1 124 0
 368 0034 0324     		movs	r4, #3
ARM GAS  C:\Users\casey\AppData\Local\Temp\ccObT9am.s 			page 11


 369              	.L20:
 370              	.LVL15:
 127:CAN_stuff.c   ****     latestMessage[latestMessageTail].dlc = CAN_GET_DLC(mailbox);
 371              		.loc 1 127 0
 372 0036 3A4B     		ldr	r3, .L27
 373 0038 9A78     		ldrb	r2, [r3, #2]
 374 003a D2B2     		uxtb	r2, r2
 375 003c 6401     		lsls	r4, r4, #5
 376              	.LVL16:
 377 003e 3B4B     		ldr	r3, .L27+12
 378 0040 9C46     		mov	ip, r3
 379 0042 6444     		add	r4, r4, ip
 380 0044 2368     		ldr	r3, [r4]
 381 0046 DB02     		lsls	r3, r3, #11
 382 0048 02D4     		bmi	.L21
 127:CAN_stuff.c   ****     latestMessage[latestMessageTail].dlc = CAN_GET_DLC(mailbox);
 383              		.loc 1 127 0 is_stmt 0 discriminator 1
 384 004a 6168     		ldr	r1, [r4, #4]
 385 004c 490D     		lsrs	r1, r1, #21
 386 004e 02E0     		b	.L22
 387              	.L21:
 127:CAN_stuff.c   ****     latestMessage[latestMessageTail].dlc = CAN_GET_DLC(mailbox);
 388              		.loc 1 127 0 discriminator 2
 389 0050 6168     		ldr	r1, [r4, #4]
 390 0052 C908     		lsrs	r1, r1, #3
 391 0054 89B2     		uxth	r1, r1
 392              	.L22:
 127:CAN_stuff.c   ****     latestMessage[latestMessageTail].dlc = CAN_GET_DLC(mailbox);
 393              		.loc 1 127 0 discriminator 4
 394 0056 364B     		ldr	r3, .L27+16
 395 0058 5000     		lsls	r0, r2, #1
 396 005a 8218     		adds	r2, r0, r2
 397 005c 9000     		lsls	r0, r2, #2
 398 005e C152     		strh	r1, [r0, r3]
 128:CAN_stuff.c   ****     latestMessage[latestMessageTail].data[0] = CAN_RX_DATA_BYTE1(mailbox);
 399              		.loc 1 128 0 is_stmt 1 discriminator 4
 400 0060 2F4A     		ldr	r2, .L27
 401 0062 9178     		ldrb	r1, [r2, #2]
 402 0064 C9B2     		uxtb	r1, r1
 403 0066 2068     		ldr	r0, [r4]
 404 0068 000C     		lsrs	r0, r0, #16
 405 006a 0F25     		movs	r5, #15
 406 006c 2840     		ands	r0, r5
 407 006e 4D00     		lsls	r5, r1, #1
 408 0070 6918     		adds	r1, r5, r1
 409 0072 8D00     		lsls	r5, r1, #2
 410 0074 5D19     		adds	r5, r3, r5
 411 0076 A870     		strb	r0, [r5, #2]
 129:CAN_stuff.c   ****     latestMessage[latestMessageTail].data[1] = CAN_RX_DATA_BYTE2(mailbox);
 412              		.loc 1 129 0 discriminator 4
 413 0078 9178     		ldrb	r1, [r2, #2]
 414 007a C9B2     		uxtb	r1, r1
 415 007c A568     		ldr	r5, [r4, #8]
 416 007e 2D0E     		lsrs	r5, r5, #24
 417 0080 4800     		lsls	r0, r1, #1
 418 0082 4118     		adds	r1, r0, r1
 419 0084 8800     		lsls	r0, r1, #2
ARM GAS  C:\Users\casey\AppData\Local\Temp\ccObT9am.s 			page 12


 420 0086 1818     		adds	r0, r3, r0
 421 0088 C570     		strb	r5, [r0, #3]
 130:CAN_stuff.c   ****     latestMessage[latestMessageTail].data[2] = CAN_RX_DATA_BYTE3(mailbox);
 422              		.loc 1 130 0 discriminator 4
 423 008a 9178     		ldrb	r1, [r2, #2]
 424 008c C9B2     		uxtb	r1, r1
 425 008e A068     		ldr	r0, [r4, #8]
 426 0090 000C     		lsrs	r0, r0, #16
 427 0092 C0B2     		uxtb	r0, r0
 428 0094 4D00     		lsls	r5, r1, #1
 429 0096 6918     		adds	r1, r5, r1
 430 0098 8D00     		lsls	r5, r1, #2
 431 009a 5D19     		adds	r5, r3, r5
 432 009c 2871     		strb	r0, [r5, #4]
 131:CAN_stuff.c   ****     latestMessage[latestMessageTail].data[3] = CAN_RX_DATA_BYTE4(mailbox);
 433              		.loc 1 131 0 discriminator 4
 434 009e 9178     		ldrb	r1, [r2, #2]
 435 00a0 C9B2     		uxtb	r1, r1
 436 00a2 A068     		ldr	r0, [r4, #8]
 437 00a4 000A     		lsrs	r0, r0, #8
 438 00a6 C0B2     		uxtb	r0, r0
 439 00a8 4D00     		lsls	r5, r1, #1
 440 00aa 6918     		adds	r1, r5, r1
 441 00ac 8D00     		lsls	r5, r1, #2
 442 00ae 5D19     		adds	r5, r3, r5
 443 00b0 6871     		strb	r0, [r5, #5]
 132:CAN_stuff.c   ****     latestMessage[latestMessageTail].data[4] = CAN_RX_DATA_BYTE5(mailbox);
 444              		.loc 1 132 0 discriminator 4
 445 00b2 9178     		ldrb	r1, [r2, #2]
 446 00b4 C9B2     		uxtb	r1, r1
 447 00b6 A568     		ldr	r5, [r4, #8]
 448 00b8 EDB2     		uxtb	r5, r5
 449 00ba 4800     		lsls	r0, r1, #1
 450 00bc 4118     		adds	r1, r0, r1
 451 00be 8800     		lsls	r0, r1, #2
 452 00c0 1818     		adds	r0, r3, r0
 453 00c2 8571     		strb	r5, [r0, #6]
 133:CAN_stuff.c   ****     latestMessage[latestMessageTail].data[5] = CAN_RX_DATA_BYTE6(mailbox);
 454              		.loc 1 133 0 discriminator 4
 455 00c4 9178     		ldrb	r1, [r2, #2]
 456 00c6 C9B2     		uxtb	r1, r1
 457 00c8 E568     		ldr	r5, [r4, #12]
 458 00ca 2D0E     		lsrs	r5, r5, #24
 459 00cc 4800     		lsls	r0, r1, #1
 460 00ce 4118     		adds	r1, r0, r1
 461 00d0 8800     		lsls	r0, r1, #2
 462 00d2 1818     		adds	r0, r3, r0
 463 00d4 C571     		strb	r5, [r0, #7]
 134:CAN_stuff.c   ****     latestMessage[latestMessageTail].data[6] = CAN_RX_DATA_BYTE7(mailbox);
 464              		.loc 1 134 0 discriminator 4
 465 00d6 9178     		ldrb	r1, [r2, #2]
 466 00d8 C9B2     		uxtb	r1, r1
 467 00da E068     		ldr	r0, [r4, #12]
 468 00dc 000C     		lsrs	r0, r0, #16
 469 00de C0B2     		uxtb	r0, r0
 470 00e0 4D00     		lsls	r5, r1, #1
 471 00e2 6918     		adds	r1, r5, r1
ARM GAS  C:\Users\casey\AppData\Local\Temp\ccObT9am.s 			page 13


 472 00e4 8D00     		lsls	r5, r1, #2
 473 00e6 5D19     		adds	r5, r3, r5
 474 00e8 2872     		strb	r0, [r5, #8]
 135:CAN_stuff.c   ****     latestMessage[latestMessageTail].data[7] = CAN_RX_DATA_BYTE8(mailbox);
 475              		.loc 1 135 0 discriminator 4
 476 00ea 9178     		ldrb	r1, [r2, #2]
 477 00ec C9B2     		uxtb	r1, r1
 478 00ee E068     		ldr	r0, [r4, #12]
 479 00f0 000A     		lsrs	r0, r0, #8
 480 00f2 C0B2     		uxtb	r0, r0
 481 00f4 4D00     		lsls	r5, r1, #1
 482 00f6 6918     		adds	r1, r5, r1
 483 00f8 8D00     		lsls	r5, r1, #2
 484 00fa 5D19     		adds	r5, r3, r5
 485 00fc 6872     		strb	r0, [r5, #9]
 136:CAN_stuff.c   ****     countAddFIFO();
 486              		.loc 1 136 0 discriminator 4
 487 00fe 9278     		ldrb	r2, [r2, #2]
 488 0100 D2B2     		uxtb	r2, r2
 489 0102 E068     		ldr	r0, [r4, #12]
 490 0104 C0B2     		uxtb	r0, r0
 491 0106 5100     		lsls	r1, r2, #1
 492 0108 8A18     		adds	r2, r1, r2
 493 010a 9100     		lsls	r1, r2, #2
 494 010c 5B18     		adds	r3, r3, r1
 495 010e 9872     		strb	r0, [r3, #10]
 137:CAN_stuff.c   **** 
 496              		.loc 1 137 0 discriminator 4
 497 0110 FFF7FEFF 		bl	countAddFIFO
 498              	.LVL17:
 140:CAN_stuff.c   **** }
 499              		.loc 1 140 0 discriminator 4
 500 0114 2268     		ldr	r2, [r4]
 501 0116 0123     		movs	r3, #1
 502 0118 1343     		orrs	r3, r2
 503 011a 2360     		str	r3, [r4]
 141:CAN_stuff.c   **** 
 504              		.loc 1 141 0 discriminator 4
 505              		@ sp needed
 506 011c 70BD     		pop	{r4, r5, r6, pc}
 507              	.L28:
 508 011e C046     		.align	2
 509              	.L27:
 510 0120 00000000 		.word	.LANCHOR0
 511 0124 00002E40 		.word	1076756480
 512 0128 08002E40 		.word	1076756488
 513 012c A0002E40 		.word	1076756640
 514 0130 00000000 		.word	latestMessage
 515              		.cfi_endproc
 516              	.LFE36:
 517              		.size	CAN_FLAG_ISR, .-CAN_FLAG_ISR
 518              		.section	.text.countRemoveFIFO,"ax",%progbits
 519              		.align	2
 520              		.global	countRemoveFIFO
 521              		.code	16
 522              		.thumb_func
 523              		.type	countRemoveFIFO, %function
ARM GAS  C:\Users\casey\AppData\Local\Temp\ccObT9am.s 			page 14


 524              	countRemoveFIFO:
 525              	.LFB40:
 189:CAN_stuff.c   **** 
 190:CAN_stuff.c   **** void countRemoveFIFO(){
 526              		.loc 1 190 0
 527              		.cfi_startproc
 528              		@ args = 0, pretend = 0, frame = 0
 529              		@ frame_needed = 0, uses_anonymous_args = 0
 530 0000 10B5     		push	{r4, lr}
 531              		.cfi_def_cfa_offset 8
 532              		.cfi_offset 4, -8
 533              		.cfi_offset 14, -4
 191:CAN_stuff.c   ****     if(FIFOSize() > 0) {
 534              		.loc 1 191 0
 535 0002 FFF7FEFF 		bl	FIFOSize
 536              	.LVL18:
 537 0006 0028     		cmp	r0, #0
 538 0008 0BD0     		beq	.L29
 192:CAN_stuff.c   ****         latestMessageHead++;
 539              		.loc 1 192 0
 540 000a 064A     		ldr	r2, .L31
 541 000c 5378     		ldrb	r3, [r2, #1]
 542 000e 0133     		adds	r3, r3, #1
 543 0010 DBB2     		uxtb	r3, r3
 544 0012 5370     		strb	r3, [r2, #1]
 193:CAN_stuff.c   ****         if(latestMessageHead >= FIFO_SIZE) {
 545              		.loc 1 193 0
 546 0014 5378     		ldrb	r3, [r2, #1]
 547 0016 DBB2     		uxtb	r3, r3
 548 0018 0F2B     		cmp	r3, #15
 549 001a 02D9     		bls	.L29
 194:CAN_stuff.c   ****             latestMessageHead = 0;
 550              		.loc 1 194 0
 551 001c 0022     		movs	r2, #0
 552 001e 014B     		ldr	r3, .L31
 553 0020 5A70     		strb	r2, [r3, #1]
 554              	.L29:
 195:CAN_stuff.c   ****         }
 196:CAN_stuff.c   ****     }
 197:CAN_stuff.c   **** }
 555              		.loc 1 197 0
 556              		@ sp needed
 557 0022 10BD     		pop	{r4, pc}
 558              	.L32:
 559              		.align	2
 560              	.L31:
 561 0024 00000000 		.word	.LANCHOR0
 562              		.cfi_endproc
 563              	.LFE40:
 564              		.size	countRemoveFIFO, .-countRemoveFIFO
 565              		.section	.text.PollAndReceiveCANPacket,"ax",%progbits
 566              		.align	2
 567              		.global	PollAndReceiveCANPacket
 568              		.code	16
 569              		.thumb_func
 570              		.type	PollAndReceiveCANPacket, %function
 571              	PollAndReceiveCANPacket:
ARM GAS  C:\Users\casey\AppData\Local\Temp\ccObT9am.s 			page 15


 572              	.LFB37:
 144:CAN_stuff.c   ****     if(!receivedPacket)
 573              		.loc 1 144 0
 574              		.cfi_startproc
 575              		@ args = 0, pretend = 0, frame = 8
 576              		@ frame_needed = 0, uses_anonymous_args = 0
 577              	.LVL19:
 578 0000 10B5     		push	{r4, lr}
 579              		.cfi_def_cfa_offset 8
 580              		.cfi_offset 4, -8
 581              		.cfi_offset 14, -4
 582 0002 82B0     		sub	sp, sp, #8
 583              		.cfi_def_cfa_offset 16
 584 0004 041E     		subs	r4, r0, #0
 145:CAN_stuff.c   ****         return ERROR_NULL_POINTER;
 585              		.loc 1 145 0
 586 0006 17D0     		beq	.L35
 148:CAN_stuff.c   ****     if(size)
 587              		.loc 1 148 0
 588 0008 FFF7FEFF 		bl	FIFOSize
 589              	.LVL20:
 590 000c 6B46     		mov	r3, sp
 591 000e D871     		strb	r0, [r3, #7]
 592 0010 0733     		adds	r3, r3, #7
 149:CAN_stuff.c   ****     {
 593              		.loc 1 149 0
 594 0012 1B78     		ldrb	r3, [r3]
 595 0014 002B     		cmp	r3, #0
 596 0016 11D0     		beq	.L36
 151:CAN_stuff.c   ****         countRemoveFIFO();
 597              		.loc 1 151 0
 598 0018 0A4B     		ldr	r3, .L37
 599 001a 5B78     		ldrb	r3, [r3, #1]
 600 001c DBB2     		uxtb	r3, r3
 601 001e 5A00     		lsls	r2, r3, #1
 602 0020 D318     		adds	r3, r2, r3
 603 0022 9900     		lsls	r1, r3, #2
 604 0024 084B     		ldr	r3, .L37+4
 605 0026 5918     		adds	r1, r3, r1
 606 0028 0C22     		movs	r2, #12
 607 002a 2000     		movs	r0, r4
 608 002c FFF7FEFF 		bl	memcpy
 609              	.LVL21:
 152:CAN_stuff.c   ****         return ERROR_NONE;
 610              		.loc 1 152 0
 611 0030 FFF7FEFF 		bl	countRemoveFIFO
 612              	.LVL22:
 153:CAN_stuff.c   ****     }
 613              		.loc 1 153 0
 614 0034 0020     		movs	r0, #0
 615 0036 02E0     		b	.L34
 616              	.LVL23:
 617              	.L35:
 146:CAN_stuff.c   ****     
 618              		.loc 1 146 0
 619 0038 0220     		movs	r0, #2
 620              	.LVL24:
ARM GAS  C:\Users\casey\AppData\Local\Temp\ccObT9am.s 			page 16


 621 003a 00E0     		b	.L34
 622              	.L36:
 156:CAN_stuff.c   **** }
 623              		.loc 1 156 0
 624 003c 0220     		movs	r0, #2
 625              	.L34:
 157:CAN_stuff.c   **** 
 626              		.loc 1 157 0
 627 003e 02B0     		add	sp, sp, #8
 628              		@ sp needed
 629              	.LVL25:
 630 0040 10BD     		pop	{r4, pc}
 631              	.L38:
 632 0042 C046     		.align	2
 633              	.L37:
 634 0044 00000000 		.word	.LANCHOR0
 635 0048 00000000 		.word	latestMessage
 636              		.cfi_endproc
 637              	.LFE37:
 638              		.size	PollAndReceiveCANPacket, .-PollAndReceiveCANPacket
 639              		.global	CAN_time_LED
 640              		.global	receiveMailboxNumber
 641              		.comm	messagePWM,16,4
 642              		.comm	packet,12,4
 643              		.global	mailbox
 644              		.comm	rxMailbox,16,4
 645              		.comm	deviceGroup,4,4
 646              		.comm	deviceAddress,4,4
 647              		.global	latestMessageFull
 648              		.global	latestMessageTail
 649              		.global	latestMessageHead
 650              		.comm	latestMessage,192,4
 651              		.global	messageReadFlag
 652              		.global	messagePresentFlag
 653              		.data
 654              		.type	receiveMailboxNumber, %object
 655              		.size	receiveMailboxNumber, 1
 656              	receiveMailboxNumber:
 657 0000 FF       		.byte	-1
 658              		.type	messagePresentFlag, %object
 659              		.size	messagePresentFlag, 1
 660              	messagePresentFlag:
 661 0001 FF       		.byte	-1
 662              		.bss
 663              		.align	2
 664              		.set	.LANCHOR0,. + 0
 665              		.type	latestMessageFull, %object
 666              		.size	latestMessageFull, 1
 667              	latestMessageFull:
 668 0000 00       		.space	1
 669              		.type	latestMessageHead, %object
 670              		.size	latestMessageHead, 1
 671              	latestMessageHead:
 672 0001 00       		.space	1
 673              		.type	latestMessageTail, %object
 674              		.size	latestMessageTail, 1
 675              	latestMessageTail:
ARM GAS  C:\Users\casey\AppData\Local\Temp\ccObT9am.s 			page 17


 676 0002 00       		.space	1
 677 0003 00       		.space	1
 678              		.type	CAN_time_LED, %object
 679              		.size	CAN_time_LED, 2
 680              	CAN_time_LED:
 681 0004 0000     		.space	2
 682 0006 0000     		.space	2
 683              		.type	mailbox, %object
 684              		.size	mailbox, 4
 685              	mailbox:
 686 0008 00000000 		.space	4
 687              		.type	messageReadFlag, %object
 688              		.size	messageReadFlag, 1
 689              	messageReadFlag:
 690 000c 00       		.space	1
 691              		.text
 692              	.Letext0:
 693              		.file 2 "c:\\program files (x86)\\cypress\\psoc creator\\4.4\\psoc creator\\import\\gnu\\arm\\5.4.
 694              		.file 3 "c:\\program files (x86)\\cypress\\psoc creator\\4.4\\psoc creator\\import\\gnu\\arm\\5.4.
 695              		.file 4 "Generated_Source\\PSoC4/cytypes.h"
 696              		.file 5 "Generated_Source\\PSoC4/CAN.h"
 697              		.file 6 "Generated_Source\\PSoC4/CyLib.h"
 698              		.section	.debug_info,"",%progbits
 699              	.Ldebug_info0:
 700 0000 2A060000 		.4byte	0x62a
 701 0004 0400     		.2byte	0x4
 702 0006 00000000 		.4byte	.Ldebug_abbrev0
 703 000a 04       		.byte	0x4
 704 000b 01       		.uleb128 0x1
 705 000c A4000000 		.4byte	.LASF71
 706 0010 0C       		.byte	0xc
 707 0011 2C040000 		.4byte	.LASF72
 708 0015 9F020000 		.4byte	.LASF73
 709 0019 00000000 		.4byte	.Ldebug_ranges0+0
 710 001d 00000000 		.4byte	0
 711 0021 00000000 		.4byte	.Ldebug_line0
 712 0025 02       		.uleb128 0x2
 713 0026 01       		.byte	0x1
 714 0027 06       		.byte	0x6
 715 0028 64010000 		.4byte	.LASF0
 716 002c 03       		.uleb128 0x3
 717 002d BA010000 		.4byte	.LASF3
 718 0031 02       		.byte	0x2
 719 0032 1D       		.byte	0x1d
 720 0033 37000000 		.4byte	0x37
 721 0037 02       		.uleb128 0x2
 722 0038 01       		.byte	0x1
 723 0039 08       		.byte	0x8
 724 003a 1B020000 		.4byte	.LASF1
 725 003e 02       		.uleb128 0x2
 726 003f 02       		.byte	0x2
 727 0040 05       		.byte	0x5
 728 0041 2F000000 		.4byte	.LASF2
 729 0045 03       		.uleb128 0x3
 730 0046 88000000 		.4byte	.LASF4
 731 004a 02       		.byte	0x2
 732 004b 2B       		.byte	0x2b
ARM GAS  C:\Users\casey\AppData\Local\Temp\ccObT9am.s 			page 18


 733 004c 50000000 		.4byte	0x50
 734 0050 02       		.uleb128 0x2
 735 0051 02       		.byte	0x2
 736 0052 07       		.byte	0x7
 737 0053 EC020000 		.4byte	.LASF5
 738 0057 02       		.uleb128 0x2
 739 0058 04       		.byte	0x4
 740 0059 05       		.byte	0x5
 741 005a B1010000 		.4byte	.LASF6
 742 005e 03       		.uleb128 0x3
 743 005f C4010000 		.4byte	.LASF7
 744 0063 02       		.byte	0x2
 745 0064 41       		.byte	0x41
 746 0065 69000000 		.4byte	0x69
 747 0069 02       		.uleb128 0x2
 748 006a 04       		.byte	0x4
 749 006b 07       		.byte	0x7
 750 006c 86030000 		.4byte	.LASF8
 751 0070 02       		.uleb128 0x2
 752 0071 08       		.byte	0x8
 753 0072 05       		.byte	0x5
 754 0073 76010000 		.4byte	.LASF9
 755 0077 02       		.uleb128 0x2
 756 0078 08       		.byte	0x8
 757 0079 07       		.byte	0x7
 758 007a 49020000 		.4byte	.LASF10
 759 007e 04       		.uleb128 0x4
 760 007f 04       		.byte	0x4
 761 0080 05       		.byte	0x5
 762 0081 696E7400 		.ascii	"int\000"
 763 0085 02       		.uleb128 0x2
 764 0086 04       		.byte	0x4
 765 0087 07       		.byte	0x7
 766 0088 69020000 		.4byte	.LASF11
 767 008c 03       		.uleb128 0x3
 768 008d 32010000 		.4byte	.LASF12
 769 0091 03       		.byte	0x3
 770 0092 18       		.byte	0x18
 771 0093 2C000000 		.4byte	0x2c
 772 0097 03       		.uleb128 0x3
 773 0098 76020000 		.4byte	.LASF13
 774 009c 03       		.byte	0x3
 775 009d 24       		.byte	0x24
 776 009e 45000000 		.4byte	0x45
 777 00a2 03       		.uleb128 0x3
 778 00a3 60020000 		.4byte	.LASF14
 779 00a7 03       		.byte	0x3
 780 00a8 30       		.byte	0x30
 781 00a9 5E000000 		.4byte	0x5e
 782 00ad 05       		.uleb128 0x5
 783 00ae 3A010000 		.4byte	.LASF15
 784 00b2 04       		.byte	0x4
 785 00b3 FC01     		.2byte	0x1fc
 786 00b5 37000000 		.4byte	0x37
 787 00b9 05       		.uleb128 0x5
 788 00ba 73030000 		.4byte	.LASF16
 789 00be 04       		.byte	0x4
ARM GAS  C:\Users\casey\AppData\Local\Temp\ccObT9am.s 			page 19


 790 00bf FD01     		.2byte	0x1fd
 791 00c1 50000000 		.4byte	0x50
 792 00c5 05       		.uleb128 0x5
 793 00c6 7A030000 		.4byte	.LASF17
 794 00ca 04       		.byte	0x4
 795 00cb FE01     		.2byte	0x1fe
 796 00cd 69000000 		.4byte	0x69
 797 00d1 02       		.uleb128 0x2
 798 00d2 04       		.byte	0x4
 799 00d3 04       		.byte	0x4
 800 00d4 70010000 		.4byte	.LASF18
 801 00d8 02       		.uleb128 0x2
 802 00d9 08       		.byte	0x8
 803 00da 04       		.byte	0x4
 804 00db E5030000 		.4byte	.LASF19
 805 00df 02       		.uleb128 0x2
 806 00e0 01       		.byte	0x1
 807 00e1 08       		.byte	0x8
 808 00e2 13030000 		.4byte	.LASF20
 809 00e6 05       		.uleb128 0x5
 810 00e7 81030000 		.4byte	.LASF21
 811 00eb 04       		.byte	0x4
 812 00ec A602     		.2byte	0x2a6
 813 00ee F2000000 		.4byte	0xf2
 814 00f2 06       		.uleb128 0x6
 815 00f3 AD000000 		.4byte	0xad
 816 00f7 06       		.uleb128 0x6
 817 00f8 B9000000 		.4byte	0xb9
 818 00fc 05       		.uleb128 0x5
 819 00fd E6020000 		.4byte	.LASF22
 820 0101 04       		.byte	0x4
 821 0102 A802     		.2byte	0x2a8
 822 0104 08010000 		.4byte	0x108
 823 0108 06       		.uleb128 0x6
 824 0109 C5000000 		.4byte	0xc5
 825 010d 02       		.uleb128 0x2
 826 010e 08       		.byte	0x8
 827 010f 04       		.byte	0x4
 828 0110 FA010000 		.4byte	.LASF23
 829 0114 02       		.uleb128 0x2
 830 0115 04       		.byte	0x4
 831 0116 07       		.byte	0x7
 832 0117 39000000 		.4byte	.LASF24
 833 011b 07       		.uleb128 0x7
 834 011c 08       		.byte	0x8
 835 011d 05       		.byte	0x5
 836 011e 6F       		.byte	0x6f
 837 011f 30010000 		.4byte	0x130
 838 0123 08       		.uleb128 0x8
 839 0124 C8030000 		.4byte	.LASF26
 840 0128 05       		.byte	0x5
 841 0129 71       		.byte	0x71
 842 012a 30010000 		.4byte	0x130
 843 012e 00       		.byte	0
 844 012f 00       		.byte	0
 845 0130 09       		.uleb128 0x9
 846 0131 AD000000 		.4byte	0xad
ARM GAS  C:\Users\casey\AppData\Local\Temp\ccObT9am.s 			page 20


 847 0135 40010000 		.4byte	0x140
 848 0139 0A       		.uleb128 0xa
 849 013a 14010000 		.4byte	0x114
 850 013e 07       		.byte	0x7
 851 013f 00       		.byte	0
 852 0140 03       		.uleb128 0x3
 853 0141 7F020000 		.4byte	.LASF25
 854 0145 05       		.byte	0x5
 855 0146 72       		.byte	0x72
 856 0147 1B010000 		.4byte	0x11b
 857 014b 07       		.uleb128 0x7
 858 014c 08       		.byte	0x8
 859 014d 05       		.byte	0x5
 860 014e 75       		.byte	0x75
 861 014f 60010000 		.4byte	0x160
 862 0153 08       		.uleb128 0x8
 863 0154 C8030000 		.4byte	.LASF26
 864 0158 05       		.byte	0x5
 865 0159 77       		.byte	0x77
 866 015a 70010000 		.4byte	0x170
 867 015e 00       		.byte	0
 868 015f 00       		.byte	0
 869 0160 09       		.uleb128 0x9
 870 0161 E6000000 		.4byte	0xe6
 871 0165 70010000 		.4byte	0x170
 872 0169 0A       		.uleb128 0xa
 873 016a 14010000 		.4byte	0x114
 874 016e 07       		.byte	0x7
 875 016f 00       		.byte	0
 876 0170 06       		.uleb128 0x6
 877 0171 60010000 		.4byte	0x160
 878 0175 03       		.uleb128 0x3
 879 0176 20000000 		.4byte	.LASF27
 880 017a 05       		.byte	0x5
 881 017b 78       		.byte	0x78
 882 017c 4B010000 		.4byte	0x14b
 883 0180 07       		.uleb128 0x7
 884 0181 04       		.byte	0x4
 885 0182 05       		.byte	0x5
 886 0183 7B       		.byte	0x7b
 887 0184 95010000 		.4byte	0x195
 888 0188 08       		.uleb128 0x8
 889 0189 C8030000 		.4byte	.LASF26
 890 018d 05       		.byte	0x5
 891 018e 7D       		.byte	0x7d
 892 018f A5010000 		.4byte	0x1a5
 893 0193 00       		.byte	0
 894 0194 00       		.byte	0
 895 0195 09       		.uleb128 0x9
 896 0196 E6000000 		.4byte	0xe6
 897 019a A5010000 		.4byte	0x1a5
 898 019e 0A       		.uleb128 0xa
 899 019f 14010000 		.4byte	0x114
 900 01a3 03       		.byte	0x3
 901 01a4 00       		.byte	0
 902 01a5 06       		.uleb128 0x6
 903 01a6 95010000 		.4byte	0x195
ARM GAS  C:\Users\casey\AppData\Local\Temp\ccObT9am.s 			page 21


 904 01aa 03       		.uleb128 0x3
 905 01ab 84010000 		.4byte	.LASF28
 906 01af 05       		.byte	0x5
 907 01b0 7E       		.byte	0x7e
 908 01b1 80010000 		.4byte	0x180
 909 01b5 07       		.uleb128 0x7
 910 01b6 10       		.byte	0x10
 911 01b7 05       		.byte	0x5
 912 01b8 81       		.byte	0x81
 913 01b9 11020000 		.4byte	0x211
 914 01bd 0B       		.uleb128 0xb
 915 01be 696400   		.ascii	"id\000"
 916 01c1 05       		.byte	0x5
 917 01c2 83       		.byte	0x83
 918 01c3 C5000000 		.4byte	0xc5
 919 01c7 00       		.byte	0
 920 01c8 0B       		.uleb128 0xb
 921 01c9 72747200 		.ascii	"rtr\000"
 922 01cd 05       		.byte	0x5
 923 01ce 84       		.byte	0x84
 924 01cf AD000000 		.4byte	0xad
 925 01d3 04       		.byte	0x4
 926 01d4 0B       		.uleb128 0xb
 927 01d5 69646500 		.ascii	"ide\000"
 928 01d9 05       		.byte	0x5
 929 01da 85       		.byte	0x85
 930 01db AD000000 		.4byte	0xad
 931 01df 05       		.byte	0x5
 932 01e0 0B       		.uleb128 0xb
 933 01e1 646C6300 		.ascii	"dlc\000"
 934 01e5 05       		.byte	0x5
 935 01e6 86       		.byte	0x86
 936 01e7 AD000000 		.4byte	0xad
 937 01eb 06       		.byte	0x6
 938 01ec 0B       		.uleb128 0xb
 939 01ed 69727100 		.ascii	"irq\000"
 940 01f1 05       		.byte	0x5
 941 01f2 87       		.byte	0x87
 942 01f3 AD000000 		.4byte	0xad
 943 01f7 07       		.byte	0x7
 944 01f8 0B       		.uleb128 0xb
 945 01f9 73737400 		.ascii	"sst\000"
 946 01fd 05       		.byte	0x5
 947 01fe 89       		.byte	0x89
 948 01ff AD000000 		.4byte	0xad
 949 0203 08       		.byte	0x8
 950 0204 0B       		.uleb128 0xb
 951 0205 6D736700 		.ascii	"msg\000"
 952 0209 05       		.byte	0x5
 953 020a 8B       		.byte	0x8b
 954 020b 11020000 		.4byte	0x211
 955 020f 0C       		.byte	0xc
 956 0210 00       		.byte	0
 957 0211 0C       		.uleb128 0xc
 958 0212 04       		.byte	0x4
 959 0213 40010000 		.4byte	0x140
 960 0217 03       		.uleb128 0x3
ARM GAS  C:\Users\casey\AppData\Local\Temp\ccObT9am.s 			page 22


 961 0218 98030000 		.4byte	.LASF29
 962 021c 05       		.byte	0x5
 963 021d 8C       		.byte	0x8c
 964 021e B5010000 		.4byte	0x1b5
 965 0222 07       		.uleb128 0x7
 966 0223 10       		.byte	0x10
 967 0224 05       		.byte	0x5
 968 0225 8F       		.byte	0x8f
 969 0226 5B020000 		.4byte	0x25b
 970 022a 08       		.uleb128 0x8
 971 022b 00000000 		.4byte	.LASF30
 972 022f 05       		.byte	0x5
 973 0230 91       		.byte	0x91
 974 0231 AD000000 		.4byte	0xad
 975 0235 00       		.byte	0
 976 0236 08       		.uleb128 0x8
 977 0237 43030000 		.4byte	.LASF31
 978 023b 05       		.byte	0x5
 979 023c 92       		.byte	0x92
 980 023d C5000000 		.4byte	0xc5
 981 0241 04       		.byte	0x4
 982 0242 08       		.uleb128 0x8
 983 0243 1B040000 		.4byte	.LASF32
 984 0247 05       		.byte	0x5
 985 0248 93       		.byte	0x93
 986 0249 C5000000 		.4byte	0xc5
 987 024d 08       		.byte	0x8
 988 024e 08       		.uleb128 0x8
 989 024f 5E010000 		.4byte	.LASF33
 990 0253 05       		.byte	0x5
 991 0254 94       		.byte	0x94
 992 0255 C5000000 		.4byte	0xc5
 993 0259 0C       		.byte	0xc
 994 025a 00       		.byte	0
 995 025b 03       		.uleb128 0x3
 996 025c 21040000 		.4byte	.LASF34
 997 0260 05       		.byte	0x5
 998 0261 95       		.byte	0x95
 999 0262 22020000 		.4byte	0x222
 1000 0266 07       		.uleb128 0x7
 1001 0267 20       		.byte	0x20
 1002 0268 05       		.byte	0x5
 1003 0269 A0       		.byte	0xa0
 1004 026a C3020000 		.4byte	0x2c3
 1005 026e 08       		.uleb128 0x8
 1006 026f 43030000 		.4byte	.LASF31
 1007 0273 05       		.byte	0x5
 1008 0274 A2       		.byte	0xa2
 1009 0275 AA010000 		.4byte	0x1aa
 1010 0279 00       		.byte	0
 1011 027a 08       		.uleb128 0x8
 1012 027b 52010000 		.4byte	.LASF35
 1013 027f 05       		.byte	0x5
 1014 0280 A3       		.byte	0xa3
 1015 0281 AA010000 		.4byte	0x1aa
 1016 0285 04       		.byte	0x4
 1017 0286 08       		.uleb128 0x8
ARM GAS  C:\Users\casey\AppData\Local\Temp\ccObT9am.s 			page 23


 1018 0287 81000000 		.4byte	.LASF36
 1019 028b 05       		.byte	0x5
 1020 028c A4       		.byte	0xa4
 1021 028d 75010000 		.4byte	0x175
 1022 0291 08       		.byte	0x8
 1023 0292 08       		.uleb128 0x8
 1024 0293 1B040000 		.4byte	.LASF32
 1025 0297 05       		.byte	0x5
 1026 0298 A5       		.byte	0xa5
 1027 0299 AA010000 		.4byte	0x1aa
 1028 029d 10       		.byte	0x10
 1029 029e 08       		.uleb128 0x8
 1030 029f 5E010000 		.4byte	.LASF33
 1031 02a3 05       		.byte	0x5
 1032 02a4 A6       		.byte	0xa6
 1033 02a5 AA010000 		.4byte	0x1aa
 1034 02a9 14       		.byte	0x14
 1035 02aa 08       		.uleb128 0x8
 1036 02ab 06020000 		.4byte	.LASF37
 1037 02af 05       		.byte	0x5
 1038 02b0 A7       		.byte	0xa7
 1039 02b1 AA010000 		.4byte	0x1aa
 1040 02b5 18       		.byte	0x18
 1041 02b6 08       		.uleb128 0x8
 1042 02b7 0C030000 		.4byte	.LASF38
 1043 02bb 05       		.byte	0x5
 1044 02bc A8       		.byte	0xa8
 1045 02bd AA010000 		.4byte	0x1aa
 1046 02c1 1C       		.byte	0x1c
 1047 02c2 00       		.byte	0
 1048 02c3 03       		.uleb128 0x3
 1049 02c4 18030000 		.4byte	.LASF39
 1050 02c8 05       		.byte	0x5
 1051 02c9 A9       		.byte	0xa9
 1052 02ca 66020000 		.4byte	0x266
 1053 02ce 07       		.uleb128 0x7
 1054 02cf 0C       		.byte	0xc
 1055 02d0 01       		.byte	0x1
 1056 02d1 0F       		.byte	0xf
 1057 02d2 FA020000 		.4byte	0x2fa
 1058 02d6 0B       		.uleb128 0xb
 1059 02d7 696400   		.ascii	"id\000"
 1060 02da 01       		.byte	0x1
 1061 02db 11       		.byte	0x11
 1062 02dc 97000000 		.4byte	0x97
 1063 02e0 00       		.byte	0
 1064 02e1 0B       		.uleb128 0xb
 1065 02e2 646C6300 		.ascii	"dlc\000"
 1066 02e6 01       		.byte	0x1
 1067 02e7 12       		.byte	0x12
 1068 02e8 8C000000 		.4byte	0x8c
 1069 02ec 02       		.byte	0x2
 1070 02ed 08       		.uleb128 0x8
 1071 02ee 6E030000 		.4byte	.LASF40
 1072 02f2 01       		.byte	0x1
 1073 02f3 13       		.byte	0x13
 1074 02f4 FA020000 		.4byte	0x2fa
ARM GAS  C:\Users\casey\AppData\Local\Temp\ccObT9am.s 			page 24


 1075 02f8 03       		.byte	0x3
 1076 02f9 00       		.byte	0
 1077 02fa 09       		.uleb128 0x9
 1078 02fb 8C000000 		.4byte	0x8c
 1079 02ff 0A030000 		.4byte	0x30a
 1080 0303 0A       		.uleb128 0xa
 1081 0304 14010000 		.4byte	0x114
 1082 0308 07       		.byte	0x7
 1083 0309 00       		.byte	0
 1084 030a 03       		.uleb128 0x3
 1085 030b 8F010000 		.4byte	.LASF41
 1086 030f 01       		.byte	0x1
 1087 0310 14       		.byte	0x14
 1088 0311 CE020000 		.4byte	0x2ce
 1089 0315 0D       		.uleb128 0xd
 1090 0316 0A000000 		.4byte	.LASF48
 1091 031a 01       		.byte	0x1
 1092 031b 33       		.byte	0x33
 1093 031c 7E000000 		.4byte	0x7e
 1094 0320 00000000 		.4byte	.LFB34
 1095 0324 3E000000 		.4byte	.LFE34-.LFB34
 1096 0328 01       		.uleb128 0x1
 1097 0329 9C       		.byte	0x9c
 1098 032a 8C030000 		.4byte	0x38c
 1099 032e 0E       		.uleb128 0xe
 1100 032f 01040000 		.4byte	.LASF50
 1101 0333 01       		.byte	0x1
 1102 0334 33       		.byte	0x33
 1103 0335 8C030000 		.4byte	0x38c
 1104 0339 00000000 		.4byte	.LLST0
 1105 033d 0F       		.uleb128 0xf
 1106 033e 63000000 		.4byte	.LASF42
 1107 0342 01       		.byte	0x1
 1108 0343 36       		.byte	0x36
 1109 0344 17020000 		.4byte	0x217
 1110 0348 02       		.uleb128 0x2
 1111 0349 91       		.byte	0x91
 1112 034a 68       		.sleb128 -24
 1113 034b 0F       		.uleb128 0xf
 1114 034c 65030000 		.4byte	.LASF43
 1115 0350 01       		.byte	0x1
 1116 0351 37       		.byte	0x37
 1117 0352 40010000 		.4byte	0x140
 1118 0356 02       		.uleb128 0x2
 1119 0357 91       		.byte	0x91
 1120 0358 60       		.sleb128 -32
 1121 0359 10       		.uleb128 0x10
 1122 035a 28000000 		.4byte	.LVL2
 1123 035e EB050000 		.4byte	0x5eb
 1124 0362 7B030000 		.4byte	0x37b
 1125 0366 11       		.uleb128 0x11
 1126 0367 01       		.uleb128 0x1
 1127 0368 50       		.byte	0x50
 1128 0369 02       		.uleb128 0x2
 1129 036a 7D       		.byte	0x7d
 1130 036b 00       		.sleb128 0
 1131 036c 11       		.uleb128 0x11
ARM GAS  C:\Users\casey\AppData\Local\Temp\ccObT9am.s 			page 25


 1132 036d 01       		.uleb128 0x1
 1133 036e 51       		.byte	0x51
 1134 036f 05       		.uleb128 0x5
 1135 0370 F3       		.byte	0xf3
 1136 0371 01       		.uleb128 0x1
 1137 0372 50       		.byte	0x50
 1138 0373 23       		.byte	0x23
 1139 0374 03       		.uleb128 0x3
 1140 0375 11       		.uleb128 0x11
 1141 0376 01       		.uleb128 0x1
 1142 0377 52       		.byte	0x52
 1143 0378 01       		.uleb128 0x1
 1144 0379 38       		.byte	0x38
 1145 037a 00       		.byte	0
 1146 037b 12       		.uleb128 0x12
 1147 037c 2E000000 		.4byte	.LVL3
 1148 0380 F4050000 		.4byte	0x5f4
 1149 0384 11       		.uleb128 0x11
 1150 0385 01       		.uleb128 0x1
 1151 0386 50       		.byte	0x50
 1152 0387 02       		.uleb128 0x2
 1153 0388 74       		.byte	0x74
 1154 0389 00       		.sleb128 0
 1155 038a 00       		.byte	0
 1156 038b 00       		.byte	0
 1157 038c 0C       		.uleb128 0xc
 1158 038d 04       		.byte	0x4
 1159 038e 0A030000 		.4byte	0x30a
 1160 0392 13       		.uleb128 0x13
 1161 0393 6F000000 		.4byte	.LASF74
 1162 0397 01       		.byte	0x1
 1163 0398 49       		.byte	0x49
 1164 0399 00000000 		.4byte	.LFB35
 1165 039d 64000000 		.4byte	.LFE35-.LFB35
 1166 03a1 01       		.uleb128 0x1
 1167 03a2 9C       		.byte	0x9c
 1168 03a3 FA030000 		.4byte	0x3fa
 1169 03a7 14       		.uleb128 0x14
 1170 03a8 06000000 		.4byte	.LVL6
 1171 03ac 00060000 		.4byte	0x600
 1172 03b0 10       		.uleb128 0x10
 1173 03b1 1C000000 		.4byte	.LVL7
 1174 03b5 0B060000 		.4byte	0x60b
 1175 03b9 C4030000 		.4byte	0x3c4
 1176 03bd 11       		.uleb128 0x11
 1177 03be 01       		.uleb128 0x1
 1178 03bf 50       		.byte	0x50
 1179 03c0 02       		.uleb128 0x2
 1180 03c1 74       		.byte	0x74
 1181 03c2 00       		.sleb128 0
 1182 03c3 00       		.byte	0
 1183 03c4 10       		.uleb128 0x10
 1184 03c5 30000000 		.4byte	.LVL8
 1185 03c9 0B060000 		.4byte	0x60b
 1186 03cd D8030000 		.4byte	0x3d8
 1187 03d1 11       		.uleb128 0x11
 1188 03d2 01       		.uleb128 0x1
ARM GAS  C:\Users\casey\AppData\Local\Temp\ccObT9am.s 			page 26


 1189 03d3 50       		.byte	0x50
 1190 03d4 02       		.uleb128 0x2
 1191 03d5 74       		.byte	0x74
 1192 03d6 00       		.sleb128 0
 1193 03d7 00       		.byte	0
 1194 03d8 14       		.uleb128 0x14
 1195 03d9 40000000 		.4byte	.LVL9
 1196 03dd 17060000 		.4byte	0x617
 1197 03e1 12       		.uleb128 0x12
 1198 03e2 48000000 		.4byte	.LVL10
 1199 03e6 22060000 		.4byte	0x622
 1200 03ea 11       		.uleb128 0x11
 1201 03eb 01       		.uleb128 0x1
 1202 03ec 50       		.byte	0x50
 1203 03ed 01       		.uleb128 0x1
 1204 03ee 4C       		.byte	0x4c
 1205 03ef 11       		.uleb128 0x11
 1206 03f0 01       		.uleb128 0x1
 1207 03f1 51       		.byte	0x51
 1208 03f2 05       		.uleb128 0x5
 1209 03f3 03       		.byte	0x3
 1210 03f4 00000000 		.4byte	CAN_FLAG_ISR
 1211 03f8 00       		.byte	0
 1212 03f9 00       		.byte	0
 1213 03fa 15       		.uleb128 0x15
 1214 03fb DC030000 		.4byte	.LASF75
 1215 03ff 01       		.byte	0x1
 1216 0400 A1       		.byte	0xa1
 1217 0401 8C000000 		.4byte	0x8c
 1218 0405 00000000 		.4byte	.LFB38
 1219 0409 48000000 		.4byte	.LFE38-.LFB38
 1220 040d 01       		.uleb128 0x1
 1221 040e 9C       		.byte	0x9c
 1222 040f 16       		.uleb128 0x16
 1223 0410 FF020000 		.4byte	.LASF76
 1224 0414 01       		.byte	0x1
 1225 0415 B0       		.byte	0xb0
 1226 0416 00000000 		.4byte	.LFB39
 1227 041a 50000000 		.4byte	.LFE39-.LFB39
 1228 041e 01       		.uleb128 0x1
 1229 041f 9C       		.byte	0x9c
 1230 0420 17       		.uleb128 0x17
 1231 0421 0E040000 		.4byte	.LASF46
 1232 0425 01       		.byte	0x1
 1233 0426 6A       		.byte	0x6a
 1234 0427 00000000 		.4byte	.LFB36
 1235 042b 34010000 		.4byte	.LFE36-.LFB36
 1236 042f 01       		.uleb128 0x1
 1237 0430 9C       		.byte	0x9c
 1238 0431 5D040000 		.4byte	0x45d
 1239 0435 18       		.uleb128 0x18
 1240 0436 77000000 		.4byte	.LASF44
 1241 043a 01       		.byte	0x1
 1242 043b 6F       		.byte	0x6f
 1243 043c A2000000 		.4byte	0xa2
 1244 0440 47000000 		.4byte	.LLST1
 1245 0444 18       		.uleb128 0x18
ARM GAS  C:\Users\casey\AppData\Local\Temp\ccObT9am.s 			page 27


 1246 0445 18000000 		.4byte	.LASF45
 1247 0449 01       		.byte	0x1
 1248 044a 70       		.byte	0x70
 1249 044b 8C000000 		.4byte	0x8c
 1250 044f 65000000 		.4byte	.LLST2
 1251 0453 14       		.uleb128 0x14
 1252 0454 14010000 		.4byte	.LVL17
 1253 0458 0F040000 		.4byte	0x40f
 1254 045c 00       		.byte	0
 1255 045d 17       		.uleb128 0x17
 1256 045e 55030000 		.4byte	.LASF47
 1257 0462 01       		.byte	0x1
 1258 0463 BE       		.byte	0xbe
 1259 0464 00000000 		.4byte	.LFB40
 1260 0468 28000000 		.4byte	.LFE40-.LFB40
 1261 046c 01       		.uleb128 0x1
 1262 046d 9C       		.byte	0x9c
 1263 046e 7C040000 		.4byte	0x47c
 1264 0472 14       		.uleb128 0x14
 1265 0473 06000000 		.4byte	.LVL18
 1266 0477 FA030000 		.4byte	0x3fa
 1267 047b 00       		.byte	0
 1268 047c 0D       		.uleb128 0xd
 1269 047d 99010000 		.4byte	.LASF49
 1270 0481 01       		.byte	0x1
 1271 0482 8F       		.byte	0x8f
 1272 0483 7E000000 		.4byte	0x7e
 1273 0487 00000000 		.4byte	.LFB37
 1274 048b 4C000000 		.4byte	.LFE37-.LFB37
 1275 048f 01       		.uleb128 0x1
 1276 0490 9C       		.byte	0x9c
 1277 0491 DE040000 		.4byte	0x4de
 1278 0495 0E       		.uleb128 0xe
 1279 0496 42000000 		.4byte	.LASF51
 1280 049a 01       		.byte	0x1
 1281 049b 8F       		.byte	0x8f
 1282 049c 8C030000 		.4byte	0x38c
 1283 04a0 78000000 		.4byte	.LLST3
 1284 04a4 0F       		.uleb128 0xf
 1285 04a5 C3030000 		.4byte	.LASF52
 1286 04a9 01       		.byte	0x1
 1287 04aa 94       		.byte	0x94
 1288 04ab DE040000 		.4byte	0x4de
 1289 04af 02       		.uleb128 0x2
 1290 04b0 91       		.byte	0x91
 1291 04b1 77       		.sleb128 -9
 1292 04b2 14       		.uleb128 0x14
 1293 04b3 0C000000 		.4byte	.LVL20
 1294 04b7 FA030000 		.4byte	0x3fa
 1295 04bb 10       		.uleb128 0x10
 1296 04bc 30000000 		.4byte	.LVL21
 1297 04c0 EB050000 		.4byte	0x5eb
 1298 04c4 D4040000 		.4byte	0x4d4
 1299 04c8 11       		.uleb128 0x11
 1300 04c9 01       		.uleb128 0x1
 1301 04ca 50       		.byte	0x50
 1302 04cb 02       		.uleb128 0x2
ARM GAS  C:\Users\casey\AppData\Local\Temp\ccObT9am.s 			page 28


 1303 04cc 74       		.byte	0x74
 1304 04cd 00       		.sleb128 0
 1305 04ce 11       		.uleb128 0x11
 1306 04cf 01       		.uleb128 0x1
 1307 04d0 52       		.byte	0x52
 1308 04d1 01       		.uleb128 0x1
 1309 04d2 3C       		.byte	0x3c
 1310 04d3 00       		.byte	0
 1311 04d4 14       		.uleb128 0x14
 1312 04d5 34000000 		.4byte	.LVL22
 1313 04d9 5D040000 		.4byte	0x45d
 1314 04dd 00       		.byte	0
 1315 04de 06       		.uleb128 0x6
 1316 04df 8C000000 		.4byte	0x8c
 1317 04e3 19       		.uleb128 0x19
 1318 04e4 30030000 		.4byte	.LASF53
 1319 04e8 01       		.byte	0x1
 1320 04e9 16       		.byte	0x16
 1321 04ea DE040000 		.4byte	0x4de
 1322 04ee 05       		.uleb128 0x5
 1323 04ef 03       		.byte	0x3
 1324 04f0 00000000 		.4byte	messagePresentFlag
 1325 04f4 19       		.uleb128 0x19
 1326 04f5 CF010000 		.4byte	.LASF54
 1327 04f9 01       		.byte	0x1
 1328 04fa 17       		.byte	0x17
 1329 04fb DE040000 		.4byte	0x4de
 1330 04ff 05       		.uleb128 0x5
 1331 0500 03       		.byte	0x3
 1332 0501 00000000 		.4byte	messageReadFlag
 1333 0505 09       		.uleb128 0x9
 1334 0506 15050000 		.4byte	0x515
 1335 050a 15050000 		.4byte	0x515
 1336 050e 0A       		.uleb128 0xa
 1337 050f 14010000 		.4byte	0x114
 1338 0513 0F       		.byte	0xf
 1339 0514 00       		.byte	0
 1340 0515 06       		.uleb128 0x6
 1341 0516 0A030000 		.4byte	0x30a
 1342 051a 19       		.uleb128 0x19
 1343 051b 29020000 		.4byte	.LASF55
 1344 051f 01       		.byte	0x1
 1345 0520 1D       		.byte	0x1d
 1346 0521 2B050000 		.4byte	0x52b
 1347 0525 05       		.uleb128 0x5
 1348 0526 03       		.byte	0x3
 1349 0527 00000000 		.4byte	latestMessage
 1350 052b 06       		.uleb128 0x6
 1351 052c 05050000 		.4byte	0x505
 1352 0530 19       		.uleb128 0x19
 1353 0531 37020000 		.4byte	.LASF56
 1354 0535 01       		.byte	0x1
 1355 0536 1E       		.byte	0x1e
 1356 0537 DE040000 		.4byte	0x4de
 1357 053b 05       		.uleb128 0x5
 1358 053c 03       		.byte	0x3
 1359 053d 00000000 		.4byte	latestMessageHead
ARM GAS  C:\Users\casey\AppData\Local\Temp\ccObT9am.s 			page 29


 1360 0541 19       		.uleb128 0x19
 1361 0542 40010000 		.4byte	.LASF57
 1362 0546 01       		.byte	0x1
 1363 0547 1F       		.byte	0x1f
 1364 0548 DE040000 		.4byte	0x4de
 1365 054c 05       		.uleb128 0x5
 1366 054d 03       		.byte	0x3
 1367 054e 00000000 		.4byte	latestMessageTail
 1368 0552 19       		.uleb128 0x19
 1369 0553 51000000 		.4byte	.LASF58
 1370 0557 01       		.byte	0x1
 1371 0558 20       		.byte	0x20
 1372 0559 DE040000 		.4byte	0x4de
 1373 055d 05       		.uleb128 0x5
 1374 055e 03       		.byte	0x3
 1375 055f 00000000 		.4byte	latestMessageFull
 1376 0563 19       		.uleb128 0x19
 1377 0564 0D020000 		.4byte	.LASF59
 1378 0568 01       		.byte	0x1
 1379 0569 24       		.byte	0x24
 1380 056a 7E000000 		.4byte	0x7e
 1381 056e 05       		.uleb128 0x5
 1382 056f 03       		.byte	0x3
 1383 0570 00000000 		.4byte	deviceAddress
 1384 0574 19       		.uleb128 0x19
 1385 0575 49030000 		.4byte	.LASF60
 1386 0579 01       		.byte	0x1
 1387 057a 25       		.byte	0x25
 1388 057b 7E000000 		.4byte	0x7e
 1389 057f 05       		.uleb128 0x5
 1390 0580 03       		.byte	0x3
 1391 0581 00000000 		.4byte	deviceGroup
 1392 0585 19       		.uleb128 0x19
 1393 0586 26030000 		.4byte	.LASF61
 1394 058a 01       		.byte	0x1
 1395 058b 26       		.byte	0x26
 1396 058c 5B020000 		.4byte	0x25b
 1397 0590 05       		.uleb128 0x5
 1398 0591 03       		.byte	0x3
 1399 0592 00000000 		.4byte	rxMailbox
 1400 0596 19       		.uleb128 0x19
 1401 0597 18000000 		.4byte	.LASF45
 1402 059b 01       		.byte	0x1
 1403 059c 28       		.byte	0x28
 1404 059d 7E000000 		.4byte	0x7e
 1405 05a1 05       		.uleb128 0x5
 1406 05a2 03       		.byte	0x3
 1407 05a3 00000000 		.4byte	mailbox
 1408 05a7 19       		.uleb128 0x19
 1409 05a8 57010000 		.4byte	.LASF62
 1410 05ac 01       		.byte	0x1
 1411 05ad 2A       		.byte	0x2a
 1412 05ae 15050000 		.4byte	0x515
 1413 05b2 05       		.uleb128 0x5
 1414 05b3 03       		.byte	0x3
 1415 05b4 00000000 		.4byte	packet
 1416 05b8 19       		.uleb128 0x19
ARM GAS  C:\Users\casey\AppData\Local\Temp\ccObT9am.s 			page 30


 1417 05b9 DF010000 		.4byte	.LASF63
 1418 05bd 01       		.byte	0x1
 1419 05be 2E       		.byte	0x2e
 1420 05bf 17020000 		.4byte	0x217
 1421 05c3 05       		.uleb128 0x5
 1422 05c4 03       		.byte	0x3
 1423 05c5 00000000 		.4byte	messagePWM
 1424 05c9 19       		.uleb128 0x19
 1425 05ca EC030000 		.4byte	.LASF64
 1426 05ce 01       		.byte	0x1
 1427 05cf 2F       		.byte	0x2f
 1428 05d0 F2000000 		.4byte	0xf2
 1429 05d4 05       		.uleb128 0x5
 1430 05d5 03       		.byte	0x3
 1431 05d6 00000000 		.4byte	receiveMailboxNumber
 1432 05da 19       		.uleb128 0x19
 1433 05db 92020000 		.4byte	.LASF65
 1434 05df 01       		.byte	0x1
 1435 05e0 31       		.byte	0x31
 1436 05e1 F7000000 		.4byte	0xf7
 1437 05e5 05       		.uleb128 0x5
 1438 05e6 03       		.byte	0x3
 1439 05e7 00000000 		.4byte	CAN_time_LED
 1440 05eb 1A       		.uleb128 0x1a
 1441 05ec 93000000 		.4byte	.LASF77
 1442 05f0 93000000 		.4byte	.LASF77
 1443 05f4 1B       		.uleb128 0x1b
 1444 05f5 A3030000 		.4byte	.LASF66
 1445 05f9 A3030000 		.4byte	.LASF66
 1446 05fd 05       		.byte	0x5
 1447 05fe 1801     		.2byte	0x118
 1448 0600 1C       		.uleb128 0x1c
 1449 0601 9A000000 		.4byte	.LASF67
 1450 0605 9A000000 		.4byte	.LASF67
 1451 0609 05       		.byte	0x5
 1452 060a C5       		.byte	0xc5
 1453 060b 1B       		.uleb128 0x1b
 1454 060c EA010000 		.4byte	.LASF68
 1455 0610 EA010000 		.4byte	.LASF68
 1456 0614 05       		.byte	0x5
 1457 0615 1301     		.2byte	0x113
 1458 0617 1C       		.uleb128 0x1c
 1459 0618 AF030000 		.4byte	.LASF69
 1460 061c AF030000 		.4byte	.LASF69
 1461 0620 05       		.byte	0x5
 1462 0621 C8       		.byte	0xc8
 1463 0622 1C       		.uleb128 0x1c
 1464 0623 CD030000 		.4byte	.LASF70
 1465 0627 CD030000 		.4byte	.LASF70
 1466 062b 06       		.byte	0x6
 1467 062c D0       		.byte	0xd0
 1468 062d 00       		.byte	0
 1469              		.section	.debug_abbrev,"",%progbits
 1470              	.Ldebug_abbrev0:
 1471 0000 01       		.uleb128 0x1
 1472 0001 11       		.uleb128 0x11
 1473 0002 01       		.byte	0x1
ARM GAS  C:\Users\casey\AppData\Local\Temp\ccObT9am.s 			page 31


 1474 0003 25       		.uleb128 0x25
 1475 0004 0E       		.uleb128 0xe
 1476 0005 13       		.uleb128 0x13
 1477 0006 0B       		.uleb128 0xb
 1478 0007 03       		.uleb128 0x3
 1479 0008 0E       		.uleb128 0xe
 1480 0009 1B       		.uleb128 0x1b
 1481 000a 0E       		.uleb128 0xe
 1482 000b 55       		.uleb128 0x55
 1483 000c 17       		.uleb128 0x17
 1484 000d 11       		.uleb128 0x11
 1485 000e 01       		.uleb128 0x1
 1486 000f 10       		.uleb128 0x10
 1487 0010 17       		.uleb128 0x17
 1488 0011 00       		.byte	0
 1489 0012 00       		.byte	0
 1490 0013 02       		.uleb128 0x2
 1491 0014 24       		.uleb128 0x24
 1492 0015 00       		.byte	0
 1493 0016 0B       		.uleb128 0xb
 1494 0017 0B       		.uleb128 0xb
 1495 0018 3E       		.uleb128 0x3e
 1496 0019 0B       		.uleb128 0xb
 1497 001a 03       		.uleb128 0x3
 1498 001b 0E       		.uleb128 0xe
 1499 001c 00       		.byte	0
 1500 001d 00       		.byte	0
 1501 001e 03       		.uleb128 0x3
 1502 001f 16       		.uleb128 0x16
 1503 0020 00       		.byte	0
 1504 0021 03       		.uleb128 0x3
 1505 0022 0E       		.uleb128 0xe
 1506 0023 3A       		.uleb128 0x3a
 1507 0024 0B       		.uleb128 0xb
 1508 0025 3B       		.uleb128 0x3b
 1509 0026 0B       		.uleb128 0xb
 1510 0027 49       		.uleb128 0x49
 1511 0028 13       		.uleb128 0x13
 1512 0029 00       		.byte	0
 1513 002a 00       		.byte	0
 1514 002b 04       		.uleb128 0x4
 1515 002c 24       		.uleb128 0x24
 1516 002d 00       		.byte	0
 1517 002e 0B       		.uleb128 0xb
 1518 002f 0B       		.uleb128 0xb
 1519 0030 3E       		.uleb128 0x3e
 1520 0031 0B       		.uleb128 0xb
 1521 0032 03       		.uleb128 0x3
 1522 0033 08       		.uleb128 0x8
 1523 0034 00       		.byte	0
 1524 0035 00       		.byte	0
 1525 0036 05       		.uleb128 0x5
 1526 0037 16       		.uleb128 0x16
 1527 0038 00       		.byte	0
 1528 0039 03       		.uleb128 0x3
 1529 003a 0E       		.uleb128 0xe
 1530 003b 3A       		.uleb128 0x3a
ARM GAS  C:\Users\casey\AppData\Local\Temp\ccObT9am.s 			page 32


 1531 003c 0B       		.uleb128 0xb
 1532 003d 3B       		.uleb128 0x3b
 1533 003e 05       		.uleb128 0x5
 1534 003f 49       		.uleb128 0x49
 1535 0040 13       		.uleb128 0x13
 1536 0041 00       		.byte	0
 1537 0042 00       		.byte	0
 1538 0043 06       		.uleb128 0x6
 1539 0044 35       		.uleb128 0x35
 1540 0045 00       		.byte	0
 1541 0046 49       		.uleb128 0x49
 1542 0047 13       		.uleb128 0x13
 1543 0048 00       		.byte	0
 1544 0049 00       		.byte	0
 1545 004a 07       		.uleb128 0x7
 1546 004b 13       		.uleb128 0x13
 1547 004c 01       		.byte	0x1
 1548 004d 0B       		.uleb128 0xb
 1549 004e 0B       		.uleb128 0xb
 1550 004f 3A       		.uleb128 0x3a
 1551 0050 0B       		.uleb128 0xb
 1552 0051 3B       		.uleb128 0x3b
 1553 0052 0B       		.uleb128 0xb
 1554 0053 01       		.uleb128 0x1
 1555 0054 13       		.uleb128 0x13
 1556 0055 00       		.byte	0
 1557 0056 00       		.byte	0
 1558 0057 08       		.uleb128 0x8
 1559 0058 0D       		.uleb128 0xd
 1560 0059 00       		.byte	0
 1561 005a 03       		.uleb128 0x3
 1562 005b 0E       		.uleb128 0xe
 1563 005c 3A       		.uleb128 0x3a
 1564 005d 0B       		.uleb128 0xb
 1565 005e 3B       		.uleb128 0x3b
 1566 005f 0B       		.uleb128 0xb
 1567 0060 49       		.uleb128 0x49
 1568 0061 13       		.uleb128 0x13
 1569 0062 38       		.uleb128 0x38
 1570 0063 0B       		.uleb128 0xb
 1571 0064 00       		.byte	0
 1572 0065 00       		.byte	0
 1573 0066 09       		.uleb128 0x9
 1574 0067 01       		.uleb128 0x1
 1575 0068 01       		.byte	0x1
 1576 0069 49       		.uleb128 0x49
 1577 006a 13       		.uleb128 0x13
 1578 006b 01       		.uleb128 0x1
 1579 006c 13       		.uleb128 0x13
 1580 006d 00       		.byte	0
 1581 006e 00       		.byte	0
 1582 006f 0A       		.uleb128 0xa
 1583 0070 21       		.uleb128 0x21
 1584 0071 00       		.byte	0
 1585 0072 49       		.uleb128 0x49
 1586 0073 13       		.uleb128 0x13
 1587 0074 2F       		.uleb128 0x2f
ARM GAS  C:\Users\casey\AppData\Local\Temp\ccObT9am.s 			page 33


 1588 0075 0B       		.uleb128 0xb
 1589 0076 00       		.byte	0
 1590 0077 00       		.byte	0
 1591 0078 0B       		.uleb128 0xb
 1592 0079 0D       		.uleb128 0xd
 1593 007a 00       		.byte	0
 1594 007b 03       		.uleb128 0x3
 1595 007c 08       		.uleb128 0x8
 1596 007d 3A       		.uleb128 0x3a
 1597 007e 0B       		.uleb128 0xb
 1598 007f 3B       		.uleb128 0x3b
 1599 0080 0B       		.uleb128 0xb
 1600 0081 49       		.uleb128 0x49
 1601 0082 13       		.uleb128 0x13
 1602 0083 38       		.uleb128 0x38
 1603 0084 0B       		.uleb128 0xb
 1604 0085 00       		.byte	0
 1605 0086 00       		.byte	0
 1606 0087 0C       		.uleb128 0xc
 1607 0088 0F       		.uleb128 0xf
 1608 0089 00       		.byte	0
 1609 008a 0B       		.uleb128 0xb
 1610 008b 0B       		.uleb128 0xb
 1611 008c 49       		.uleb128 0x49
 1612 008d 13       		.uleb128 0x13
 1613 008e 00       		.byte	0
 1614 008f 00       		.byte	0
 1615 0090 0D       		.uleb128 0xd
 1616 0091 2E       		.uleb128 0x2e
 1617 0092 01       		.byte	0x1
 1618 0093 3F       		.uleb128 0x3f
 1619 0094 19       		.uleb128 0x19
 1620 0095 03       		.uleb128 0x3
 1621 0096 0E       		.uleb128 0xe
 1622 0097 3A       		.uleb128 0x3a
 1623 0098 0B       		.uleb128 0xb
 1624 0099 3B       		.uleb128 0x3b
 1625 009a 0B       		.uleb128 0xb
 1626 009b 27       		.uleb128 0x27
 1627 009c 19       		.uleb128 0x19
 1628 009d 49       		.uleb128 0x49
 1629 009e 13       		.uleb128 0x13
 1630 009f 11       		.uleb128 0x11
 1631 00a0 01       		.uleb128 0x1
 1632 00a1 12       		.uleb128 0x12
 1633 00a2 06       		.uleb128 0x6
 1634 00a3 40       		.uleb128 0x40
 1635 00a4 18       		.uleb128 0x18
 1636 00a5 9742     		.uleb128 0x2117
 1637 00a7 19       		.uleb128 0x19
 1638 00a8 01       		.uleb128 0x1
 1639 00a9 13       		.uleb128 0x13
 1640 00aa 00       		.byte	0
 1641 00ab 00       		.byte	0
 1642 00ac 0E       		.uleb128 0xe
 1643 00ad 05       		.uleb128 0x5
 1644 00ae 00       		.byte	0
ARM GAS  C:\Users\casey\AppData\Local\Temp\ccObT9am.s 			page 34


 1645 00af 03       		.uleb128 0x3
 1646 00b0 0E       		.uleb128 0xe
 1647 00b1 3A       		.uleb128 0x3a
 1648 00b2 0B       		.uleb128 0xb
 1649 00b3 3B       		.uleb128 0x3b
 1650 00b4 0B       		.uleb128 0xb
 1651 00b5 49       		.uleb128 0x49
 1652 00b6 13       		.uleb128 0x13
 1653 00b7 02       		.uleb128 0x2
 1654 00b8 17       		.uleb128 0x17
 1655 00b9 00       		.byte	0
 1656 00ba 00       		.byte	0
 1657 00bb 0F       		.uleb128 0xf
 1658 00bc 34       		.uleb128 0x34
 1659 00bd 00       		.byte	0
 1660 00be 03       		.uleb128 0x3
 1661 00bf 0E       		.uleb128 0xe
 1662 00c0 3A       		.uleb128 0x3a
 1663 00c1 0B       		.uleb128 0xb
 1664 00c2 3B       		.uleb128 0x3b
 1665 00c3 0B       		.uleb128 0xb
 1666 00c4 49       		.uleb128 0x49
 1667 00c5 13       		.uleb128 0x13
 1668 00c6 02       		.uleb128 0x2
 1669 00c7 18       		.uleb128 0x18
 1670 00c8 00       		.byte	0
 1671 00c9 00       		.byte	0
 1672 00ca 10       		.uleb128 0x10
 1673 00cb 898201   		.uleb128 0x4109
 1674 00ce 01       		.byte	0x1
 1675 00cf 11       		.uleb128 0x11
 1676 00d0 01       		.uleb128 0x1
 1677 00d1 31       		.uleb128 0x31
 1678 00d2 13       		.uleb128 0x13
 1679 00d3 01       		.uleb128 0x1
 1680 00d4 13       		.uleb128 0x13
 1681 00d5 00       		.byte	0
 1682 00d6 00       		.byte	0
 1683 00d7 11       		.uleb128 0x11
 1684 00d8 8A8201   		.uleb128 0x410a
 1685 00db 00       		.byte	0
 1686 00dc 02       		.uleb128 0x2
 1687 00dd 18       		.uleb128 0x18
 1688 00de 9142     		.uleb128 0x2111
 1689 00e0 18       		.uleb128 0x18
 1690 00e1 00       		.byte	0
 1691 00e2 00       		.byte	0
 1692 00e3 12       		.uleb128 0x12
 1693 00e4 898201   		.uleb128 0x4109
 1694 00e7 01       		.byte	0x1
 1695 00e8 11       		.uleb128 0x11
 1696 00e9 01       		.uleb128 0x1
 1697 00ea 31       		.uleb128 0x31
 1698 00eb 13       		.uleb128 0x13
 1699 00ec 00       		.byte	0
 1700 00ed 00       		.byte	0
 1701 00ee 13       		.uleb128 0x13
ARM GAS  C:\Users\casey\AppData\Local\Temp\ccObT9am.s 			page 35


 1702 00ef 2E       		.uleb128 0x2e
 1703 00f0 01       		.byte	0x1
 1704 00f1 3F       		.uleb128 0x3f
 1705 00f2 19       		.uleb128 0x19
 1706 00f3 03       		.uleb128 0x3
 1707 00f4 0E       		.uleb128 0xe
 1708 00f5 3A       		.uleb128 0x3a
 1709 00f6 0B       		.uleb128 0xb
 1710 00f7 3B       		.uleb128 0x3b
 1711 00f8 0B       		.uleb128 0xb
 1712 00f9 11       		.uleb128 0x11
 1713 00fa 01       		.uleb128 0x1
 1714 00fb 12       		.uleb128 0x12
 1715 00fc 06       		.uleb128 0x6
 1716 00fd 40       		.uleb128 0x40
 1717 00fe 18       		.uleb128 0x18
 1718 00ff 9742     		.uleb128 0x2117
 1719 0101 19       		.uleb128 0x19
 1720 0102 01       		.uleb128 0x1
 1721 0103 13       		.uleb128 0x13
 1722 0104 00       		.byte	0
 1723 0105 00       		.byte	0
 1724 0106 14       		.uleb128 0x14
 1725 0107 898201   		.uleb128 0x4109
 1726 010a 00       		.byte	0
 1727 010b 11       		.uleb128 0x11
 1728 010c 01       		.uleb128 0x1
 1729 010d 31       		.uleb128 0x31
 1730 010e 13       		.uleb128 0x13
 1731 010f 00       		.byte	0
 1732 0110 00       		.byte	0
 1733 0111 15       		.uleb128 0x15
 1734 0112 2E       		.uleb128 0x2e
 1735 0113 00       		.byte	0
 1736 0114 3F       		.uleb128 0x3f
 1737 0115 19       		.uleb128 0x19
 1738 0116 03       		.uleb128 0x3
 1739 0117 0E       		.uleb128 0xe
 1740 0118 3A       		.uleb128 0x3a
 1741 0119 0B       		.uleb128 0xb
 1742 011a 3B       		.uleb128 0x3b
 1743 011b 0B       		.uleb128 0xb
 1744 011c 27       		.uleb128 0x27
 1745 011d 19       		.uleb128 0x19
 1746 011e 49       		.uleb128 0x49
 1747 011f 13       		.uleb128 0x13
 1748 0120 11       		.uleb128 0x11
 1749 0121 01       		.uleb128 0x1
 1750 0122 12       		.uleb128 0x12
 1751 0123 06       		.uleb128 0x6
 1752 0124 40       		.uleb128 0x40
 1753 0125 18       		.uleb128 0x18
 1754 0126 9742     		.uleb128 0x2117
 1755 0128 19       		.uleb128 0x19
 1756 0129 00       		.byte	0
 1757 012a 00       		.byte	0
 1758 012b 16       		.uleb128 0x16
ARM GAS  C:\Users\casey\AppData\Local\Temp\ccObT9am.s 			page 36


 1759 012c 2E       		.uleb128 0x2e
 1760 012d 00       		.byte	0
 1761 012e 3F       		.uleb128 0x3f
 1762 012f 19       		.uleb128 0x19
 1763 0130 03       		.uleb128 0x3
 1764 0131 0E       		.uleb128 0xe
 1765 0132 3A       		.uleb128 0x3a
 1766 0133 0B       		.uleb128 0xb
 1767 0134 3B       		.uleb128 0x3b
 1768 0135 0B       		.uleb128 0xb
 1769 0136 27       		.uleb128 0x27
 1770 0137 19       		.uleb128 0x19
 1771 0138 11       		.uleb128 0x11
 1772 0139 01       		.uleb128 0x1
 1773 013a 12       		.uleb128 0x12
 1774 013b 06       		.uleb128 0x6
 1775 013c 40       		.uleb128 0x40
 1776 013d 18       		.uleb128 0x18
 1777 013e 9742     		.uleb128 0x2117
 1778 0140 19       		.uleb128 0x19
 1779 0141 00       		.byte	0
 1780 0142 00       		.byte	0
 1781 0143 17       		.uleb128 0x17
 1782 0144 2E       		.uleb128 0x2e
 1783 0145 01       		.byte	0x1
 1784 0146 3F       		.uleb128 0x3f
 1785 0147 19       		.uleb128 0x19
 1786 0148 03       		.uleb128 0x3
 1787 0149 0E       		.uleb128 0xe
 1788 014a 3A       		.uleb128 0x3a
 1789 014b 0B       		.uleb128 0xb
 1790 014c 3B       		.uleb128 0x3b
 1791 014d 0B       		.uleb128 0xb
 1792 014e 27       		.uleb128 0x27
 1793 014f 19       		.uleb128 0x19
 1794 0150 11       		.uleb128 0x11
 1795 0151 01       		.uleb128 0x1
 1796 0152 12       		.uleb128 0x12
 1797 0153 06       		.uleb128 0x6
 1798 0154 40       		.uleb128 0x40
 1799 0155 18       		.uleb128 0x18
 1800 0156 9742     		.uleb128 0x2117
 1801 0158 19       		.uleb128 0x19
 1802 0159 01       		.uleb128 0x1
 1803 015a 13       		.uleb128 0x13
 1804 015b 00       		.byte	0
 1805 015c 00       		.byte	0
 1806 015d 18       		.uleb128 0x18
 1807 015e 34       		.uleb128 0x34
 1808 015f 00       		.byte	0
 1809 0160 03       		.uleb128 0x3
 1810 0161 0E       		.uleb128 0xe
 1811 0162 3A       		.uleb128 0x3a
 1812 0163 0B       		.uleb128 0xb
 1813 0164 3B       		.uleb128 0x3b
 1814 0165 0B       		.uleb128 0xb
 1815 0166 49       		.uleb128 0x49
ARM GAS  C:\Users\casey\AppData\Local\Temp\ccObT9am.s 			page 37


 1816 0167 13       		.uleb128 0x13
 1817 0168 02       		.uleb128 0x2
 1818 0169 17       		.uleb128 0x17
 1819 016a 00       		.byte	0
 1820 016b 00       		.byte	0
 1821 016c 19       		.uleb128 0x19
 1822 016d 34       		.uleb128 0x34
 1823 016e 00       		.byte	0
 1824 016f 03       		.uleb128 0x3
 1825 0170 0E       		.uleb128 0xe
 1826 0171 3A       		.uleb128 0x3a
 1827 0172 0B       		.uleb128 0xb
 1828 0173 3B       		.uleb128 0x3b
 1829 0174 0B       		.uleb128 0xb
 1830 0175 49       		.uleb128 0x49
 1831 0176 13       		.uleb128 0x13
 1832 0177 3F       		.uleb128 0x3f
 1833 0178 19       		.uleb128 0x19
 1834 0179 02       		.uleb128 0x2
 1835 017a 18       		.uleb128 0x18
 1836 017b 00       		.byte	0
 1837 017c 00       		.byte	0
 1838 017d 1A       		.uleb128 0x1a
 1839 017e 2E       		.uleb128 0x2e
 1840 017f 00       		.byte	0
 1841 0180 3F       		.uleb128 0x3f
 1842 0181 19       		.uleb128 0x19
 1843 0182 3C       		.uleb128 0x3c
 1844 0183 19       		.uleb128 0x19
 1845 0184 6E       		.uleb128 0x6e
 1846 0185 0E       		.uleb128 0xe
 1847 0186 03       		.uleb128 0x3
 1848 0187 0E       		.uleb128 0xe
 1849 0188 00       		.byte	0
 1850 0189 00       		.byte	0
 1851 018a 1B       		.uleb128 0x1b
 1852 018b 2E       		.uleb128 0x2e
 1853 018c 00       		.byte	0
 1854 018d 3F       		.uleb128 0x3f
 1855 018e 19       		.uleb128 0x19
 1856 018f 3C       		.uleb128 0x3c
 1857 0190 19       		.uleb128 0x19
 1858 0191 6E       		.uleb128 0x6e
 1859 0192 0E       		.uleb128 0xe
 1860 0193 03       		.uleb128 0x3
 1861 0194 0E       		.uleb128 0xe
 1862 0195 3A       		.uleb128 0x3a
 1863 0196 0B       		.uleb128 0xb
 1864 0197 3B       		.uleb128 0x3b
 1865 0198 05       		.uleb128 0x5
 1866 0199 00       		.byte	0
 1867 019a 00       		.byte	0
 1868 019b 1C       		.uleb128 0x1c
 1869 019c 2E       		.uleb128 0x2e
 1870 019d 00       		.byte	0
 1871 019e 3F       		.uleb128 0x3f
 1872 019f 19       		.uleb128 0x19
ARM GAS  C:\Users\casey\AppData\Local\Temp\ccObT9am.s 			page 38


 1873 01a0 3C       		.uleb128 0x3c
 1874 01a1 19       		.uleb128 0x19
 1875 01a2 6E       		.uleb128 0x6e
 1876 01a3 0E       		.uleb128 0xe
 1877 01a4 03       		.uleb128 0x3
 1878 01a5 0E       		.uleb128 0xe
 1879 01a6 3A       		.uleb128 0x3a
 1880 01a7 0B       		.uleb128 0xb
 1881 01a8 3B       		.uleb128 0x3b
 1882 01a9 0B       		.uleb128 0xb
 1883 01aa 00       		.byte	0
 1884 01ab 00       		.byte	0
 1885 01ac 00       		.byte	0
 1886              		.section	.debug_loc,"",%progbits
 1887              	.Ldebug_loc0:
 1888              	.LLST0:
 1889 0000 00000000 		.4byte	.LVL0
 1890 0004 24000000 		.4byte	.LVL1
 1891 0008 0100     		.2byte	0x1
 1892 000a 50       		.byte	0x50
 1893 000b 24000000 		.4byte	.LVL1
 1894 000f 27000000 		.4byte	.LVL2-1
 1895 0013 0300     		.2byte	0x3
 1896 0015 71       		.byte	0x71
 1897 0016 7D       		.sleb128 -3
 1898 0017 9F       		.byte	0x9f
 1899 0018 27000000 		.4byte	.LVL2-1
 1900 001c 34000000 		.4byte	.LVL4
 1901 0020 0400     		.2byte	0x4
 1902 0022 F3       		.byte	0xf3
 1903 0023 01       		.uleb128 0x1
 1904 0024 50       		.byte	0x50
 1905 0025 9F       		.byte	0x9f
 1906 0026 34000000 		.4byte	.LVL4
 1907 002a 36000000 		.4byte	.LVL5
 1908 002e 0100     		.2byte	0x1
 1909 0030 50       		.byte	0x50
 1910 0031 36000000 		.4byte	.LVL5
 1911 0035 3E000000 		.4byte	.LFE34
 1912 0039 0400     		.2byte	0x4
 1913 003b F3       		.byte	0xf3
 1914 003c 01       		.uleb128 0x1
 1915 003d 50       		.byte	0x50
 1916 003e 9F       		.byte	0x9f
 1917 003f 00000000 		.4byte	0
 1918 0043 00000000 		.4byte	0
 1919              	.LLST1:
 1920 0047 16000000 		.4byte	.LVL11
 1921 004b 26000000 		.4byte	.LVL12
 1922 004f 0100     		.2byte	0x1
 1923 0051 53       		.byte	0x53
 1924 0052 28000000 		.4byte	.LVL13
 1925 0056 34000000 		.4byte	.LVL14
 1926 005a 0100     		.2byte	0x1
 1927 005c 53       		.byte	0x53
 1928 005d 00000000 		.4byte	0
 1929 0061 00000000 		.4byte	0
ARM GAS  C:\Users\casey\AppData\Local\Temp\ccObT9am.s 			page 39


 1930              	.LLST2:
 1931 0065 36000000 		.4byte	.LVL15
 1932 0069 3E000000 		.4byte	.LVL16
 1933 006d 0100     		.2byte	0x1
 1934 006f 54       		.byte	0x54
 1935 0070 00000000 		.4byte	0
 1936 0074 00000000 		.4byte	0
 1937              	.LLST3:
 1938 0078 00000000 		.4byte	.LVL19
 1939 007c 0B000000 		.4byte	.LVL20-1
 1940 0080 0100     		.2byte	0x1
 1941 0082 50       		.byte	0x50
 1942 0083 0B000000 		.4byte	.LVL20-1
 1943 0087 38000000 		.4byte	.LVL23
 1944 008b 0100     		.2byte	0x1
 1945 008d 54       		.byte	0x54
 1946 008e 38000000 		.4byte	.LVL23
 1947 0092 3A000000 		.4byte	.LVL24
 1948 0096 0100     		.2byte	0x1
 1949 0098 50       		.byte	0x50
 1950 0099 3A000000 		.4byte	.LVL24
 1951 009d 40000000 		.4byte	.LVL25
 1952 00a1 0100     		.2byte	0x1
 1953 00a3 54       		.byte	0x54
 1954 00a4 40000000 		.4byte	.LVL25
 1955 00a8 4C000000 		.4byte	.LFE37
 1956 00ac 0400     		.2byte	0x4
 1957 00ae F3       		.byte	0xf3
 1958 00af 01       		.uleb128 0x1
 1959 00b0 50       		.byte	0x50
 1960 00b1 9F       		.byte	0x9f
 1961 00b2 00000000 		.4byte	0
 1962 00b6 00000000 		.4byte	0
 1963              		.section	.debug_aranges,"",%progbits
 1964 0000 4C000000 		.4byte	0x4c
 1965 0004 0200     		.2byte	0x2
 1966 0006 00000000 		.4byte	.Ldebug_info0
 1967 000a 04       		.byte	0x4
 1968 000b 00       		.byte	0
 1969 000c 0000     		.2byte	0
 1970 000e 0000     		.2byte	0
 1971 0010 00000000 		.4byte	.LFB34
 1972 0014 3E000000 		.4byte	.LFE34-.LFB34
 1973 0018 00000000 		.4byte	.LFB35
 1974 001c 64000000 		.4byte	.LFE35-.LFB35
 1975 0020 00000000 		.4byte	.LFB38
 1976 0024 48000000 		.4byte	.LFE38-.LFB38
 1977 0028 00000000 		.4byte	.LFB39
 1978 002c 50000000 		.4byte	.LFE39-.LFB39
 1979 0030 00000000 		.4byte	.LFB36
 1980 0034 34010000 		.4byte	.LFE36-.LFB36
 1981 0038 00000000 		.4byte	.LFB40
 1982 003c 28000000 		.4byte	.LFE40-.LFB40
 1983 0040 00000000 		.4byte	.LFB37
 1984 0044 4C000000 		.4byte	.LFE37-.LFB37
 1985 0048 00000000 		.4byte	0
 1986 004c 00000000 		.4byte	0
ARM GAS  C:\Users\casey\AppData\Local\Temp\ccObT9am.s 			page 40


 1987              		.section	.debug_ranges,"",%progbits
 1988              	.Ldebug_ranges0:
 1989 0000 00000000 		.4byte	.LFB34
 1990 0004 3E000000 		.4byte	.LFE34
 1991 0008 00000000 		.4byte	.LFB35
 1992 000c 64000000 		.4byte	.LFE35
 1993 0010 00000000 		.4byte	.LFB38
 1994 0014 48000000 		.4byte	.LFE38
 1995 0018 00000000 		.4byte	.LFB39
 1996 001c 50000000 		.4byte	.LFE39
 1997 0020 00000000 		.4byte	.LFB36
 1998 0024 34010000 		.4byte	.LFE36
 1999 0028 00000000 		.4byte	.LFB40
 2000 002c 28000000 		.4byte	.LFE40
 2001 0030 00000000 		.4byte	.LFB37
 2002 0034 4C000000 		.4byte	.LFE37
 2003 0038 00000000 		.4byte	0
 2004 003c 00000000 		.4byte	0
 2005              		.section	.debug_line,"",%progbits
 2006              	.Ldebug_line0:
 2007 0000 6D020000 		.section	.debug_str,"MS",%progbits,1
 2007      02005701 
 2007      00000201 
 2007      FB0E0D00 
 2007      01010101 
 2008              	.LASF30:
 2009 0000 72786D61 		.ascii	"rxmailbox\000"
 2009      696C626F 
 2009      7800
 2010              	.LASF48:
 2011 000a 53656E64 		.ascii	"SendCANPacket\000"
 2011      43414E50 
 2011      61636B65 
 2011      7400
 2012              	.LASF45:
 2013 0018 6D61696C 		.ascii	"mailbox\000"
 2013      626F7800 
 2014              	.LASF27:
 2015 0020 43414E5F 		.ascii	"CAN_DATA_BYTES\000"
 2015      44415441 
 2015      5F425954 
 2015      455300
 2016              	.LASF2:
 2017 002f 73686F72 		.ascii	"short int\000"
 2017      7420696E 
 2017      7400
 2018              	.LASF24:
 2019 0039 73697A65 		.ascii	"sizetype\000"
 2019      74797065 
 2019      00
 2020              	.LASF51:
 2021 0042 72656365 		.ascii	"receivedPacket\000"
 2021      69766564 
 2021      5061636B 
 2021      657400
 2022              	.LASF58:
 2023 0051 6C617465 		.ascii	"latestMessageFull\000"
ARM GAS  C:\Users\casey\AppData\Local\Temp\ccObT9am.s 			page 41


 2023      73744D65 
 2023      73736167 
 2023      6546756C 
 2023      6C00
 2024              	.LASF42:
 2025 0063 50536F43 		.ascii	"PSoCMessage\000"
 2025      4D657373 
 2025      61676500 
 2026              	.LASF74:
 2027 006f 496E6974 		.ascii	"InitCAN\000"
 2027      43414E00 
 2028              	.LASF44:
 2029 0077 73746174 		.ascii	"statusReg\000"
 2029      75735265 
 2029      6700
 2030              	.LASF36:
 2031 0081 72786461 		.ascii	"rxdata\000"
 2031      746100
 2032              	.LASF4:
 2033 0088 5F5F7569 		.ascii	"__uint16_t\000"
 2033      6E743136 
 2033      5F7400
 2034              	.LASF77:
 2035 0093 6D656D63 		.ascii	"memcpy\000"
 2035      707900
 2036              	.LASF67:
 2037 009a 43414E5F 		.ascii	"CAN_Start\000"
 2037      53746172 
 2037      7400
 2038              	.LASF71:
 2039 00a4 474E5520 		.ascii	"GNU C11 5.4.1 20160609 (release) [ARM/embedded-5-br"
 2039      43313120 
 2039      352E342E 
 2039      31203230 
 2039      31363036 
 2040 00d7 616E6368 		.ascii	"anch revision 237715] -mcpu=cortex-m0 -mthumb -g -O"
 2040      20726576 
 2040      6973696F 
 2040      6E203233 
 2040      37373135 
 2041 010a 67202D66 		.ascii	"g -ffunction-sections -ffat-lto-objects\000"
 2041      66756E63 
 2041      74696F6E 
 2041      2D736563 
 2041      74696F6E 
 2042              	.LASF12:
 2043 0132 75696E74 		.ascii	"uint8_t\000"
 2043      385F7400 
 2044              	.LASF15:
 2045 013a 75696E74 		.ascii	"uint8\000"
 2045      3800
 2046              	.LASF57:
 2047 0140 6C617465 		.ascii	"latestMessageTail\000"
 2047      73744D65 
 2047      73736167 
 2047      65546169 
 2047      6C00
ARM GAS  C:\Users\casey\AppData\Local\Temp\ccObT9am.s 			page 42


 2048              	.LASF35:
 2049 0152 72786964 		.ascii	"rxid\000"
 2049      00
 2050              	.LASF62:
 2051 0157 7061636B 		.ascii	"packet\000"
 2051      657400
 2052              	.LASF33:
 2053 015e 72786163 		.ascii	"rxacr\000"
 2053      7200
 2054              	.LASF0:
 2055 0164 7369676E 		.ascii	"signed char\000"
 2055      65642063 
 2055      68617200 
 2056              	.LASF18:
 2057 0170 666C6F61 		.ascii	"float\000"
 2057      7400
 2058              	.LASF9:
 2059 0176 6C6F6E67 		.ascii	"long long int\000"
 2059      206C6F6E 
 2059      6720696E 
 2059      7400
 2060              	.LASF28:
 2061 0184 43414E5F 		.ascii	"CAN_REG_32\000"
 2061      5245475F 
 2061      333200
 2062              	.LASF41:
 2063 018f 43414E50 		.ascii	"CANPacket\000"
 2063      61636B65 
 2063      7400
 2064              	.LASF49:
 2065 0199 506F6C6C 		.ascii	"PollAndReceiveCANPacket\000"
 2065      416E6452 
 2065      65636569 
 2065      76654341 
 2065      4E506163 
 2066              	.LASF6:
 2067 01b1 6C6F6E67 		.ascii	"long int\000"
 2067      20696E74 
 2067      00
 2068              	.LASF3:
 2069 01ba 5F5F7569 		.ascii	"__uint8_t\000"
 2069      6E74385F 
 2069      7400
 2070              	.LASF7:
 2071 01c4 5F5F7569 		.ascii	"__uint32_t\000"
 2071      6E743332 
 2071      5F7400
 2072              	.LASF54:
 2073 01cf 6D657373 		.ascii	"messageReadFlag\000"
 2073      61676552 
 2073      65616446 
 2073      6C616700 
 2074              	.LASF63:
 2075 01df 6D657373 		.ascii	"messagePWM\000"
 2075      61676550 
 2075      574D00
 2076              	.LASF68:
ARM GAS  C:\Users\casey\AppData\Local\Temp\ccObT9am.s 			page 43


 2077 01ea 43414E5F 		.ascii	"CAN_RxBufConfig\000"
 2077      52784275 
 2077      66436F6E 
 2077      66696700 
 2078              	.LASF23:
 2079 01fa 6C6F6E67 		.ascii	"long double\000"
 2079      20646F75 
 2079      626C6500 
 2080              	.LASF37:
 2081 0206 7278616D 		.ascii	"rxamrd\000"
 2081      726400
 2082              	.LASF59:
 2083 020d 64657669 		.ascii	"deviceAddress\000"
 2083      63654164 
 2083      64726573 
 2083      7300
 2084              	.LASF1:
 2085 021b 756E7369 		.ascii	"unsigned char\000"
 2085      676E6564 
 2085      20636861 
 2085      7200
 2086              	.LASF55:
 2087 0229 6C617465 		.ascii	"latestMessage\000"
 2087      73744D65 
 2087      73736167 
 2087      6500
 2088              	.LASF56:
 2089 0237 6C617465 		.ascii	"latestMessageHead\000"
 2089      73744D65 
 2089      73736167 
 2089      65486561 
 2089      6400
 2090              	.LASF10:
 2091 0249 6C6F6E67 		.ascii	"long long unsigned int\000"
 2091      206C6F6E 
 2091      6720756E 
 2091      7369676E 
 2091      65642069 
 2092              	.LASF14:
 2093 0260 75696E74 		.ascii	"uint32_t\000"
 2093      33325F74 
 2093      00
 2094              	.LASF11:
 2095 0269 756E7369 		.ascii	"unsigned int\000"
 2095      676E6564 
 2095      20696E74 
 2095      00
 2096              	.LASF13:
 2097 0276 75696E74 		.ascii	"uint16_t\000"
 2097      31365F74 
 2097      00
 2098              	.LASF25:
 2099 027f 43414E5F 		.ascii	"CAN_DATA_BYTES_MSG\000"
 2099      44415441 
 2099      5F425954 
 2099      45535F4D 
 2099      534700
ARM GAS  C:\Users\casey\AppData\Local\Temp\ccObT9am.s 			page 44


 2100              	.LASF65:
 2101 0292 43414E5F 		.ascii	"CAN_time_LED\000"
 2101      74696D65 
 2101      5F4C4544 
 2101      00
 2102              	.LASF73:
 2103 029f 433A5C55 		.ascii	"C:\\Users\\casey\\Desktop\\Robotics Stuff\\CAN_Test"
 2103      73657273 
 2103      5C636173 
 2103      65795C44 
 2103      65736B74 
 2104 02cd 65725F42 		.ascii	"er_Board\\CAN_Board.cydsn\000"
 2104      6F617264 
 2104      5C43414E 
 2104      5F426F61 
 2104      72642E63 
 2105              	.LASF22:
 2106 02e6 72656733 		.ascii	"reg32\000"
 2106      3200
 2107              	.LASF5:
 2108 02ec 73686F72 		.ascii	"short unsigned int\000"
 2108      7420756E 
 2108      7369676E 
 2108      65642069 
 2108      6E7400
 2109              	.LASF76:
 2110 02ff 636F756E 		.ascii	"countAddFIFO\000"
 2110      74416464 
 2110      4649464F 
 2110      00
 2111              	.LASF38:
 2112 030c 72786163 		.ascii	"rxacrd\000"
 2112      726400
 2113              	.LASF20:
 2114 0313 63686172 		.ascii	"char\000"
 2114      00
 2115              	.LASF39:
 2116 0318 43414E5F 		.ascii	"CAN_RX_STRUCT\000"
 2116      52585F53 
 2116      54525543 
 2116      5400
 2117              	.LASF61:
 2118 0326 72784D61 		.ascii	"rxMailbox\000"
 2118      696C626F 
 2118      7800
 2119              	.LASF53:
 2120 0330 6D657373 		.ascii	"messagePresentFlag\000"
 2120      61676550 
 2120      72657365 
 2120      6E74466C 
 2120      616700
 2121              	.LASF31:
 2122 0343 7278636D 		.ascii	"rxcmd\000"
 2122      6400
 2123              	.LASF60:
 2124 0349 64657669 		.ascii	"deviceGroup\000"
 2124      63654772 
ARM GAS  C:\Users\casey\AppData\Local\Temp\ccObT9am.s 			page 45


 2124      6F757000 
 2125              	.LASF47:
 2126 0355 636F756E 		.ascii	"countRemoveFIFO\000"
 2126      7452656D 
 2126      6F766546 
 2126      49464F00 
 2127              	.LASF43:
 2128 0365 50536F43 		.ascii	"PSoCData\000"
 2128      44617461 
 2128      00
 2129              	.LASF40:
 2130 036e 64617461 		.ascii	"data\000"
 2130      00
 2131              	.LASF16:
 2132 0373 75696E74 		.ascii	"uint16\000"
 2132      313600
 2133              	.LASF17:
 2134 037a 75696E74 		.ascii	"uint32\000"
 2134      333200
 2135              	.LASF21:
 2136 0381 72656738 		.ascii	"reg8\000"
 2136      00
 2137              	.LASF8:
 2138 0386 6C6F6E67 		.ascii	"long unsigned int\000"
 2138      20756E73 
 2138      69676E65 
 2138      6420696E 
 2138      7400
 2139              	.LASF29:
 2140 0398 43414E5F 		.ascii	"CAN_TX_MSG\000"
 2140      54585F4D 
 2140      534700
 2141              	.LASF66:
 2142 03a3 43414E5F 		.ascii	"CAN_SendMsg\000"
 2142      53656E64 
 2142      4D736700 
 2143              	.LASF69:
 2144 03af 43414E5F 		.ascii	"CAN_GlobalIntEnable\000"
 2144      476C6F62 
 2144      616C496E 
 2144      74456E61 
 2144      626C6500 
 2145              	.LASF52:
 2146 03c3 73697A65 		.ascii	"size\000"
 2146      00
 2147              	.LASF26:
 2148 03c8 62797465 		.ascii	"byte\000"
 2148      00
 2149              	.LASF70:
 2150 03cd 4379496E 		.ascii	"CyIntSetVector\000"
 2150      74536574 
 2150      56656374 
 2150      6F7200
 2151              	.LASF75:
 2152 03dc 4649464F 		.ascii	"FIFOSize\000"
 2152      53697A65 
 2152      00
ARM GAS  C:\Users\casey\AppData\Local\Temp\ccObT9am.s 			page 46


 2153              	.LASF19:
 2154 03e5 646F7562 		.ascii	"double\000"
 2154      6C6500
 2155              	.LASF64:
 2156 03ec 72656365 		.ascii	"receiveMailboxNumber\000"
 2156      6976654D 
 2156      61696C62 
 2156      6F784E75 
 2156      6D626572 
 2157              	.LASF50:
 2158 0401 7061636B 		.ascii	"packetToSend\000"
 2158      6574546F 
 2158      53656E64 
 2158      00
 2159              	.LASF46:
 2160 040e 43414E5F 		.ascii	"CAN_FLAG_ISR\000"
 2160      464C4147 
 2160      5F495352 
 2160      00
 2161              	.LASF32:
 2162 041b 7278616D 		.ascii	"rxamr\000"
 2162      7200
 2163              	.LASF34:
 2164 0421 43414E5F 		.ascii	"CAN_RX_CFG\000"
 2164      52585F43 
 2164      464700
 2165              	.LASF72:
 2166 042c 43414E5F 		.ascii	"CAN_stuff.c\000"
 2166      73747566 
 2166      662E6300 
 2167              		.ident	"GCC: (GNU Tools for ARM Embedded Processors) 5.4.1 20160609 (release) [ARM/embedded-5-bran
